============================================================
  Generated by:           Genus(TM) Synthesis Solution 18.10-p003_1
  Generated on:           Dec 17 2022  07:11:17 am
  Module:                 TOP_LU_PADS
  Technology libraries:   C28SOI_SC_8_CLK_LL 
                          C28SOI_SC_8_CORE_LL 
                          SPHD_HIPERF_160523 
                          DPHD_HIPERF_160523 
                          SPHD_HIPERF_151009 
                          LU_PADS_RECHAR 1.0
                          physical_cells 
  Operating conditions:   PVT_1V_25C 
  Interconnect mode:      global
  Area mode:              physical library
============================================================

                                   Instance                                                          Module                        Cell Count  Cell Area   Net Area   Total Area 
---------------------------------------------------------------------------------------------------------------------------------------------------------------------------------
TOP_LU_PADS                                                                                                                            333029 932280.975 138988.669  1071269.644 
  TOP_inst                                                                     TOP_X32_Y3_hw_log2_rx000000000000000100000002_0_to      333024 911880.975 138986.294  1050867.269 
    NOC_inst                                                                   NOC_X32_Y3_hw_log2_rx000000000000000100000002_0_to      319309 389644.134 132926.056   522570.190 
      PE_ARRAY_X_loop[11].PE_ARRAY_Y_loop[0].PE_inst_REG_FILE_ifm_inst         REG_FILE_ACT_REGISTER_INPUTS1_NUM_REGS34_BITWIDTH1        1540   2195.910    665.849     2861.759 
      PE_ARRAY_X_loop[1].PE_ARRAY_Y_loop[1].PE_inst_REG_FILE_ifm_inst          REG_FILE_ACT_REGISTER_INPUTS1_NUM_REGS34_BITWIDTH1        1540   2195.910    665.849     2861.759 
      PE_ARRAY_X_loop[7].PE_ARRAY_Y_loop[1].PE_inst_REG_FILE_ifm_inst          REG_FILE_ACT_REGISTER_INPUTS1_NUM_REGS34_BITWIDTH1        1540   2195.910    665.849     2861.759 
      PE_ARRAY_X_loop[7].PE_ARRAY_Y_loop[2].PE_inst_REG_FILE_ifm_inst          REG_FILE_ACT_REGISTER_INPUTS1_NUM_REGS34_BITWIDTH1        1540   2195.910    665.849     2861.759 
      PE_ARRAY_X_loop[31].PE_ARRAY_Y_loop[1].PE_inst_REG_FILE_ifm_inst         REG_FILE_ACT_REGISTER_INPUTS1_NUM_REGS34_BITWIDTH1        1540   2195.910    665.849     2861.759 
      PE_ARRAY_X_loop[15].PE_ARRAY_Y_loop[1].PE_inst_REG_FILE_ifm_inst         REG_FILE_ACT_REGISTER_INPUTS1_NUM_REGS34_BITWIDTH1        1540   2195.910    665.849     2861.759 
      PE_ARRAY_X_loop[1].PE_ARRAY_Y_loop[2].PE_inst_REG_FILE_ifm_inst          REG_FILE_ACT_REGISTER_INPUTS1_NUM_REGS34_BITWIDTH1        1540   2194.822    661.093     2855.916 
      PE_ARRAY_X_loop[14].PE_ARRAY_Y_loop[1].PE_inst_REG_FILE_ifm_inst         REG_FILE_ACT_REGISTER_INPUTS1_NUM_REGS34_BITWIDTH1        1540   2194.822    661.093     2855.916 
      PE_ARRAY_X_loop[14].PE_ARRAY_Y_loop[2].PE_inst_REG_FILE_ifm_inst         REG_FILE_ACT_REGISTER_INPUTS1_NUM_REGS34_BITWIDTH1        1540   2194.822    661.093     2855.916 
      PE_ARRAY_X_loop[16].PE_ARRAY_Y_loop[0].PE_inst_REG_FILE_ifm_inst         REG_FILE_ACT_REGISTER_INPUTS1_NUM_REGS34_BITWIDTH1        1540   2194.822    661.093     2855.916 
      PE_ARRAY_X_loop[16].PE_ARRAY_Y_loop[1].PE_inst_REG_FILE_ifm_inst         REG_FILE_ACT_REGISTER_INPUTS1_NUM_REGS34_BITWIDTH1        1540   2194.822    661.093     2855.916 
      PE_ARRAY_X_loop[16].PE_ARRAY_Y_loop[2].PE_inst_REG_FILE_ifm_inst         REG_FILE_ACT_REGISTER_INPUTS1_NUM_REGS34_BITWIDTH1        1540   2194.822    661.093     2855.916 
      PE_ARRAY_X_loop[17].PE_ARRAY_Y_loop[0].PE_inst_REG_FILE_ifm_inst         REG_FILE_ACT_REGISTER_INPUTS1_NUM_REGS34_BITWIDTH1        1540   2194.822    661.093     2855.916 
      PE_ARRAY_X_loop[17].PE_ARRAY_Y_loop[1].PE_inst_REG_FILE_ifm_inst         REG_FILE_ACT_REGISTER_INPUTS1_NUM_REGS34_BITWIDTH1        1540   2194.822    661.093     2855.916 
      PE_ARRAY_X_loop[17].PE_ARRAY_Y_loop[2].PE_inst_REG_FILE_ifm_inst         REG_FILE_ACT_REGISTER_INPUTS1_NUM_REGS34_BITWIDTH1        1540   2194.822    661.093     2855.916 
      PE_ARRAY_X_loop[18].PE_ARRAY_Y_loop[0].PE_inst_REG_FILE_ifm_inst         REG_FILE_ACT_REGISTER_INPUTS1_NUM_REGS34_BITWIDTH1        1540   2194.822    661.093     2855.916 
      PE_ARRAY_X_loop[18].PE_ARRAY_Y_loop[2].PE_inst_REG_FILE_ifm_inst         REG_FILE_ACT_REGISTER_INPUTS1_NUM_REGS34_BITWIDTH1        1540   2194.822    661.093     2855.916 
      PE_ARRAY_X_loop[19].PE_ARRAY_Y_loop[0].PE_inst_REG_FILE_ifm_inst         REG_FILE_ACT_REGISTER_INPUTS1_NUM_REGS34_BITWIDTH1        1540   2194.822    661.093     2855.916 
      PE_ARRAY_X_loop[19].PE_ARRAY_Y_loop[1].PE_inst_REG_FILE_ifm_inst         REG_FILE_ACT_REGISTER_INPUTS1_NUM_REGS34_BITWIDTH1        1540   2194.822    661.093     2855.916 
      PE_ARRAY_X_loop[19].PE_ARRAY_Y_loop[2].PE_inst_REG_FILE_ifm_inst         REG_FILE_ACT_REGISTER_INPUTS1_NUM_REGS34_BITWIDTH1        1540   2194.822    661.093     2855.916 
      PE_ARRAY_X_loop[20].PE_ARRAY_Y_loop[0].PE_inst_REG_FILE_ifm_inst         REG_FILE_ACT_REGISTER_INPUTS1_NUM_REGS34_BITWIDTH1        1540   2194.822    661.093     2855.916 
      PE_ARRAY_X_loop[20].PE_ARRAY_Y_loop[1].PE_inst_REG_FILE_ifm_inst         REG_FILE_ACT_REGISTER_INPUTS1_NUM_REGS34_BITWIDTH1        1540   2194.822    661.093     2855.916 
      PE_ARRAY_X_loop[20].PE_ARRAY_Y_loop[2].PE_inst_REG_FILE_ifm_inst         REG_FILE_ACT_REGISTER_INPUTS1_NUM_REGS34_BITWIDTH1        1540   2194.822    661.093     2855.916 
      PE_ARRAY_X_loop[21].PE_ARRAY_Y_loop[0].PE_inst_REG_FILE_ifm_inst         REG_FILE_ACT_REGISTER_INPUTS1_NUM_REGS34_BITWIDTH1        1540   2194.822    661.093     2855.916 
      PE_ARRAY_X_loop[21].PE_ARRAY_Y_loop[2].PE_inst_REG_FILE_ifm_inst         REG_FILE_ACT_REGISTER_INPUTS1_NUM_REGS34_BITWIDTH1        1540   2194.822    661.093     2855.916 
      PE_ARRAY_X_loop[8].PE_ARRAY_Y_loop[1].PE_inst_REG_FILE_ifm_inst          REG_FILE_ACT_REGISTER_INPUTS1_NUM_REGS34_BITWIDTH1        1540   2194.822    661.093     2855.916 
      PE_ARRAY_X_loop[8].PE_ARRAY_Y_loop[2].PE_inst_REG_FILE_ifm_inst          REG_FILE_ACT_REGISTER_INPUTS1_NUM_REGS34_BITWIDTH1        1540   2194.822    661.093     2855.916 
      PE_ARRAY_X_loop[9].PE_ARRAY_Y_loop[0].PE_inst_REG_FILE_ifm_inst          REG_FILE_ACT_REGISTER_INPUTS1_NUM_REGS34_BITWIDTH1        1540   2194.822    661.093     2855.916 
      PE_ARRAY_X_loop[9].PE_ARRAY_Y_loop[1].PE_inst_REG_FILE_ifm_inst          REG_FILE_ACT_REGISTER_INPUTS1_NUM_REGS34_BITWIDTH1        1540   2194.822    661.093     2855.916 
      PE_ARRAY_X_loop[9].PE_ARRAY_Y_loop[2].PE_inst_REG_FILE_ifm_inst          REG_FILE_ACT_REGISTER_INPUTS1_NUM_REGS34_BITWIDTH1        1540   2194.822    661.093     2855.916 
      PE_ARRAY_X_loop[10].PE_ARRAY_Y_loop[1].PE_inst_REG_FILE_ifm_inst         REG_FILE_ACT_REGISTER_INPUTS1_NUM_REGS34_BITWIDTH1        1540   2194.822    661.093     2855.916 
      PE_ARRAY_X_loop[10].PE_ARRAY_Y_loop[2].PE_inst_REG_FILE_ifm_inst         REG_FILE_ACT_REGISTER_INPUTS1_NUM_REGS34_BITWIDTH1        1540   2194.822    661.093     2855.916 
      PE_ARRAY_X_loop[11].PE_ARRAY_Y_loop[2].PE_inst_REG_FILE_ifm_inst         REG_FILE_ACT_REGISTER_INPUTS1_NUM_REGS34_BITWIDTH1        1540   2194.822    661.093     2855.916 
      PE_ARRAY_X_loop[28].PE_ARRAY_Y_loop[0].PE_inst_REG_FILE_ifm_inst         REG_FILE_ACT_REGISTER_INPUTS1_NUM_REGS34_BITWIDTH1        1540   2194.822    661.093     2855.916 
      PE_ARRAY_X_loop[28].PE_ARRAY_Y_loop[1].PE_inst_REG_FILE_ifm_inst         REG_FILE_ACT_REGISTER_INPUTS1_NUM_REGS34_BITWIDTH1        1540   2194.822    661.093     2855.916 
      PE_ARRAY_X_loop[28].PE_ARRAY_Y_loop[2].PE_inst_REG_FILE_ifm_inst         REG_FILE_ACT_REGISTER_INPUTS1_NUM_REGS34_BITWIDTH1        1540   2194.822    661.093     2855.916 
      PE_ARRAY_X_loop[31].PE_ARRAY_Y_loop[0].PE_inst_REG_FILE_ifm_inst         REG_FILE_ACT_REGISTER_INPUTS1_NUM_REGS34_BITWIDTH1        1540   2194.822    661.093     2855.916 
      PE_ARRAY_X_loop[1].PE_ARRAY_Y_loop[0].PE_inst_REG_FILE_ifm_inst          REG_FILE_ACT_REGISTER_INPUTS1_NUM_REGS34_BITWIDTH1        1540   2194.822    661.093     2855.916 
      PE_ARRAY_X_loop[7].PE_ARRAY_Y_loop[0].PE_inst_REG_FILE_ifm_inst          REG_FILE_ACT_REGISTER_INPUTS1_NUM_REGS34_BITWIDTH1        1540   2194.822    661.093     2855.916 
      PE_ARRAY_X_loop[29].PE_ARRAY_Y_loop[1].PE_inst_REG_FILE_ifm_inst         REG_FILE_ACT_REGISTER_INPUTS1_NUM_REGS34_BITWIDTH1        1540   2194.822    661.093     2855.916 
      PE_ARRAY_X_loop[29].PE_ARRAY_Y_loop[2].PE_inst_REG_FILE_ifm_inst         REG_FILE_ACT_REGISTER_INPUTS1_NUM_REGS34_BITWIDTH1        1540   2194.822    661.093     2855.916 
      PE_ARRAY_X_loop[31].PE_ARRAY_Y_loop[2].PE_inst_REG_FILE_ifm_inst         REG_FILE_ACT_REGISTER_INPUTS1_NUM_REGS34_BITWIDTH1        1540   2194.822    661.093     2855.916 
      PE_ARRAY_X_loop[30].PE_ARRAY_Y_loop[0].PE_inst_REG_FILE_ifm_inst         REG_FILE_ACT_REGISTER_INPUTS1_NUM_REGS34_BITWIDTH1        1540   2194.822    661.093     2855.916 
      PE_ARRAY_X_loop[3].PE_ARRAY_Y_loop[0].PE_inst_REG_FILE_ifm_inst          REG_FILE_ACT_REGISTER_INPUTS1_NUM_REGS34_BITWIDTH1        1540   2194.822    661.093     2855.916 
      PE_ARRAY_X_loop[3].PE_ARRAY_Y_loop[1].PE_inst_REG_FILE_ifm_inst          REG_FILE_ACT_REGISTER_INPUTS1_NUM_REGS34_BITWIDTH1        1540   2194.822    661.093     2855.916 
      PE_ARRAY_X_loop[3].PE_ARRAY_Y_loop[2].PE_inst_REG_FILE_ifm_inst          REG_FILE_ACT_REGISTER_INPUTS1_NUM_REGS34_BITWIDTH1        1540   2194.822    661.093     2855.916 
      PE_ARRAY_X_loop[12].PE_ARRAY_Y_loop[2].PE_inst_REG_FILE_ifm_inst         REG_FILE_ACT_REGISTER_INPUTS1_NUM_REGS34_BITWIDTH1        1540   2194.822    661.093     2855.916 
      PE_ARRAY_X_loop[15].PE_ARRAY_Y_loop[0].PE_inst_REG_FILE_ifm_inst         REG_FILE_ACT_REGISTER_INPUTS1_NUM_REGS34_BITWIDTH1        1540   2194.822    661.093     2855.916 
      PE_ARRAY_X_loop[15].PE_ARRAY_Y_loop[2].PE_inst_REG_FILE_ifm_inst         REG_FILE_ACT_REGISTER_INPUTS1_NUM_REGS34_BITWIDTH1        1540   2194.822    661.093     2855.916 
      PE_ARRAY_X_loop[26].PE_ARRAY_Y_loop[0].PE_inst_REG_FILE_ifm_inst         REG_FILE_ACT_REGISTER_INPUTS1_NUM_REGS34_BITWIDTH1        1540   2194.822    661.093     2855.916 
      PE_ARRAY_X_loop[26].PE_ARRAY_Y_loop[1].PE_inst_REG_FILE_ifm_inst         REG_FILE_ACT_REGISTER_INPUTS1_NUM_REGS34_BITWIDTH1        1540   2194.822    661.093     2855.916 
      PE_ARRAY_X_loop[27].PE_ARRAY_Y_loop[1].PE_inst_REG_FILE_ifm_inst         REG_FILE_ACT_REGISTER_INPUTS1_NUM_REGS34_BITWIDTH1        1540   2194.822    661.093     2855.916 
      PE_ARRAY_X_loop[27].PE_ARRAY_Y_loop[0].PE_inst_REG_FILE_ifm_inst         REG_FILE_ACT_REGISTER_INPUTS1_NUM_REGS34_BITWIDTH1        1540   2194.822    661.093     2855.916 
      PE_ARRAY_X_loop[30].PE_ARRAY_Y_loop[1].PE_inst_REG_FILE_ifm_inst         REG_FILE_ACT_REGISTER_INPUTS1_NUM_REGS34_BITWIDTH1        1540   2194.822    661.093     2855.916 
      PE_ARRAY_X_loop[30].PE_ARRAY_Y_loop[2].PE_inst_REG_FILE_ifm_inst         REG_FILE_ACT_REGISTER_INPUTS1_NUM_REGS34_BITWIDTH1        1540   2194.822    661.093     2855.916 
      PE_ARRAY_X_loop[18].PE_ARRAY_Y_loop[1].PE_inst_REG_FILE_ifm_inst         REG_FILE_ACT_REGISTER_INPUTS1_NUM_REGS34_BITWIDTH1        1540   2194.822    661.093     2855.916 
      PE_ARRAY_X_loop[4].PE_ARRAY_Y_loop[0].PE_inst_REG_FILE_ifm_inst          REG_FILE_ACT_REGISTER_INPUTS1_NUM_REGS34_BITWIDTH1        1540   2194.822    661.093     2855.916 
      PE_ARRAY_X_loop[4].PE_ARRAY_Y_loop[1].PE_inst_REG_FILE_ifm_inst          REG_FILE_ACT_REGISTER_INPUTS1_NUM_REGS34_BITWIDTH1        1540   2194.822    661.093     2855.916 
      PE_ARRAY_X_loop[5].PE_ARRAY_Y_loop[0].PE_inst_REG_FILE_ifm_inst          REG_FILE_ACT_REGISTER_INPUTS1_NUM_REGS34_BITWIDTH1        1540   2194.822    661.093     2855.916 
      PE_ARRAY_X_loop[22].PE_ARRAY_Y_loop[2].PE_inst_REG_FILE_ifm_inst         REG_FILE_ACT_REGISTER_INPUTS1_NUM_REGS34_BITWIDTH1        1540   2194.822    661.093     2855.916 
      PE_ARRAY_X_loop[23].PE_ARRAY_Y_loop[0].PE_inst_REG_FILE_ifm_inst         REG_FILE_ACT_REGISTER_INPUTS1_NUM_REGS34_BITWIDTH1        1540   2194.822    661.093     2855.916 
      PE_ARRAY_X_loop[23].PE_ARRAY_Y_loop[1].PE_inst_REG_FILE_ifm_inst         REG_FILE_ACT_REGISTER_INPUTS1_NUM_REGS34_BITWIDTH1        1540   2194.822    661.093     2855.916 
      PE_ARRAY_X_loop[23].PE_ARRAY_Y_loop[2].PE_inst_REG_FILE_ifm_inst         REG_FILE_ACT_REGISTER_INPUTS1_NUM_REGS34_BITWIDTH1        1540   2194.822    661.093     2855.916 
      PE_ARRAY_X_loop[25].PE_ARRAY_Y_loop[0].PE_inst_REG_FILE_ifm_inst         REG_FILE_ACT_REGISTER_INPUTS1_NUM_REGS34_BITWIDTH1        1540   2194.822    661.093     2855.916 
      PE_ARRAY_X_loop[25].PE_ARRAY_Y_loop[1].PE_inst_REG_FILE_ifm_inst         REG_FILE_ACT_REGISTER_INPUTS1_NUM_REGS34_BITWIDTH1        1540   2194.822    661.093     2855.916 
      PE_ARRAY_X_loop[25].PE_ARRAY_Y_loop[2].PE_inst_REG_FILE_ifm_inst         REG_FILE_ACT_REGISTER_INPUTS1_NUM_REGS34_BITWIDTH1        1540   2194.822    661.093     2855.916 
      PE_ARRAY_X_loop[0].PE_ARRAY_Y_loop[0].PE_inst_REG_FILE_ifm_inst          REG_FILE_ACT_REGISTER_INPUTS1_NUM_REGS34_BITWIDTH1        1541   2189.709    666.076     2855.785 
      PE_ARRAY_X_loop[6].PE_ARRAY_Y_loop[0].PE_inst_REG_FILE_ifm_inst          REG_FILE_ACT_REGISTER_INPUTS1_NUM_REGS34_BITWIDTH1        1541   2189.709    666.076     2855.785 
      PE_ARRAY_X_loop[6].PE_ARRAY_Y_loop[2].PE_inst_REG_FILE_ifm_inst          REG_FILE_ACT_REGISTER_INPUTS1_NUM_REGS34_BITWIDTH1        1540   2187.642    659.324     2846.965 
      PE_ARRAY_X_loop[8].PE_ARRAY_Y_loop[0].PE_inst_REG_FILE_ifm_inst          REG_FILE_ACT_REGISTER_INPUTS1_NUM_REGS34_BITWIDTH1        1540   2187.642    659.324     2846.965 
      PE_ARRAY_X_loop[10].PE_ARRAY_Y_loop[0].PE_inst_REG_FILE_ifm_inst         REG_FILE_ACT_REGISTER_INPUTS1_NUM_REGS34_BITWIDTH1        1540   2187.642    659.324     2846.965 
      PE_ARRAY_X_loop[11].PE_ARRAY_Y_loop[1].PE_inst_REG_FILE_ifm_inst         REG_FILE_ACT_REGISTER_INPUTS1_NUM_REGS34_BITWIDTH1        1540   2187.642    659.324     2846.965 
      PE_ARRAY_X_loop[13].PE_ARRAY_Y_loop[0].PE_inst_REG_FILE_ifm_inst         REG_FILE_ACT_REGISTER_INPUTS1_NUM_REGS34_BITWIDTH1        1540   2187.642    659.324     2846.965 
      PE_ARRAY_X_loop[13].PE_ARRAY_Y_loop[1].PE_inst_REG_FILE_ifm_inst         REG_FILE_ACT_REGISTER_INPUTS1_NUM_REGS34_BITWIDTH1        1540   2187.642    659.324     2846.965 
      PE_ARRAY_X_loop[13].PE_ARRAY_Y_loop[2].PE_inst_REG_FILE_ifm_inst         REG_FILE_ACT_REGISTER_INPUTS1_NUM_REGS34_BITWIDTH1        1540   2187.642    659.324     2846.965 
      PE_ARRAY_X_loop[22].PE_ARRAY_Y_loop[0].PE_inst_REG_FILE_ifm_inst         REG_FILE_ACT_REGISTER_INPUTS1_NUM_REGS34_BITWIDTH1        1540   2187.642    659.324     2846.965 
      PE_ARRAY_X_loop[29].PE_ARRAY_Y_loop[0].PE_inst_REG_FILE_ifm_inst         REG_FILE_ACT_REGISTER_INPUTS1_NUM_REGS34_BITWIDTH1        1540   2187.642    659.324     2846.965 
      PE_ARRAY_X_loop[0].PE_ARRAY_Y_loop[1].PE_inst_REG_FILE_ifm_inst          REG_FILE_ACT_REGISTER_INPUTS1_NUM_REGS34_BITWIDTH1        1540   2187.642    659.324     2846.965 
      PE_ARRAY_X_loop[0].PE_ARRAY_Y_loop[2].PE_inst_REG_FILE_ifm_inst          REG_FILE_ACT_REGISTER_INPUTS1_NUM_REGS34_BITWIDTH1        1540   2187.642    659.324     2846.965 
      PE_ARRAY_X_loop[2].PE_ARRAY_Y_loop[0].PE_inst_REG_FILE_ifm_inst          REG_FILE_ACT_REGISTER_INPUTS1_NUM_REGS34_BITWIDTH1        1540   2187.642    659.324     2846.965 
      PE_ARRAY_X_loop[2].PE_ARRAY_Y_loop[1].PE_inst_REG_FILE_ifm_inst          REG_FILE_ACT_REGISTER_INPUTS1_NUM_REGS34_BITWIDTH1        1540   2187.642    659.324     2846.965 
      PE_ARRAY_X_loop[2].PE_ARRAY_Y_loop[2].PE_inst_REG_FILE_ifm_inst          REG_FILE_ACT_REGISTER_INPUTS1_NUM_REGS34_BITWIDTH1        1540   2187.642    659.324     2846.965 
      PE_ARRAY_X_loop[24].PE_ARRAY_Y_loop[0].PE_inst_REG_FILE_ifm_inst         REG_FILE_ACT_REGISTER_INPUTS1_NUM_REGS34_BITWIDTH1        1540   2187.642    659.324     2846.965 
      PE_ARRAY_X_loop[24].PE_ARRAY_Y_loop[1].PE_inst_REG_FILE_ifm_inst         REG_FILE_ACT_REGISTER_INPUTS1_NUM_REGS34_BITWIDTH1        1540   2187.642    659.324     2846.965 
      PE_ARRAY_X_loop[24].PE_ARRAY_Y_loop[2].PE_inst_REG_FILE_ifm_inst         REG_FILE_ACT_REGISTER_INPUTS1_NUM_REGS34_BITWIDTH1        1540   2187.642    659.324     2846.965 
      PE_ARRAY_X_loop[6].PE_ARRAY_Y_loop[1].PE_inst_REG_FILE_ifm_inst          REG_FILE_ACT_REGISTER_INPUTS1_NUM_REGS34_BITWIDTH1        1540   2187.642    659.324     2846.965 
      PE_ARRAY_X_loop[12].PE_ARRAY_Y_loop[0].PE_inst_REG_FILE_ifm_inst         REG_FILE_ACT_REGISTER_INPUTS1_NUM_REGS34_BITWIDTH1        1540   2187.642    659.324     2846.965 
      PE_ARRAY_X_loop[12].PE_ARRAY_Y_loop[1].PE_inst_REG_FILE_ifm_inst         REG_FILE_ACT_REGISTER_INPUTS1_NUM_REGS34_BITWIDTH1        1540   2187.642    659.324     2846.965 
      PE_ARRAY_X_loop[26].PE_ARRAY_Y_loop[2].PE_inst_REG_FILE_ifm_inst         REG_FILE_ACT_REGISTER_INPUTS1_NUM_REGS34_BITWIDTH1        1540   2187.642    659.324     2846.965 
      PE_ARRAY_X_loop[27].PE_ARRAY_Y_loop[2].PE_inst_REG_FILE_ifm_inst         REG_FILE_ACT_REGISTER_INPUTS1_NUM_REGS34_BITWIDTH1        1540   2187.642    659.324     2846.965 
      PE_ARRAY_X_loop[21].PE_ARRAY_Y_loop[1].PE_inst_REG_FILE_ifm_inst         REG_FILE_ACT_REGISTER_INPUTS1_NUM_REGS34_BITWIDTH1        1540   2187.642    659.324     2846.965 
      PE_ARRAY_X_loop[4].PE_ARRAY_Y_loop[2].PE_inst_REG_FILE_ifm_inst          REG_FILE_ACT_REGISTER_INPUTS1_NUM_REGS34_BITWIDTH1        1540   2187.642    659.324     2846.965 
      PE_ARRAY_X_loop[5].PE_ARRAY_Y_loop[1].PE_inst_REG_FILE_ifm_inst          REG_FILE_ACT_REGISTER_INPUTS1_NUM_REGS34_BITWIDTH1        1540   2187.642    659.324     2846.965 
      PE_ARRAY_X_loop[5].PE_ARRAY_Y_loop[2].PE_inst_REG_FILE_ifm_inst          REG_FILE_ACT_REGISTER_INPUTS1_NUM_REGS34_BITWIDTH1        1540   2187.642    659.324     2846.965 
      PE_ARRAY_X_loop[22].PE_ARRAY_Y_loop[1].PE_inst_REG_FILE_ifm_inst         REG_FILE_ACT_REGISTER_INPUTS1_NUM_REGS34_BITWIDTH1        1540   2187.642    659.324     2846.965 
      PE_ARRAY_X_loop[14].PE_ARRAY_Y_loop[0].PE_inst_REG_FILE_ifm_inst         REG_FILE_ACT_REGISTER_INPUTS1_NUM_REGS34_BITWIDTH1        1540   2187.642    659.324     2846.965 
      PE_ARRAY_X_loop[11].PE_ARRAY_Y_loop[0].PE_inst_REG_FILE_w_inst           REG_FILE_WEIGHT_REGISTER_INPUTS1_NUM_REGS24_BITWID         644    825.248    264.613     1089.861 
      PE_ARRAY_X_loop[0].PE_ARRAY_Y_loop[0].PE_inst_REG_FILE_w_inst            REG_FILE_WEIGHT_REGISTER_INPUTS1_NUM_REGS24_BITWID         644    825.248    264.613     1089.861 
      PE_ARRAY_X_loop[1].PE_ARRAY_Y_loop[1].PE_inst_REG_FILE_w_inst            REG_FILE_WEIGHT_REGISTER_INPUTS1_NUM_REGS24_BITWID         644    825.248    264.613     1089.861 
      PE_ARRAY_X_loop[7].PE_ARRAY_Y_loop[1].PE_inst_REG_FILE_w_inst            REG_FILE_WEIGHT_REGISTER_INPUTS1_NUM_REGS24_BITWID         644    825.248    264.613     1089.861 
      PE_ARRAY_X_loop[7].PE_ARRAY_Y_loop[2].PE_inst_REG_FILE_w_inst            REG_FILE_WEIGHT_REGISTER_INPUTS1_NUM_REGS24_BITWID         644    825.248    264.613     1089.861 
      PE_ARRAY_X_loop[31].PE_ARRAY_Y_loop[1].PE_inst_REG_FILE_w_inst           REG_FILE_WEIGHT_REGISTER_INPUTS1_NUM_REGS24_BITWID         644    825.248    264.613     1089.861 
      PE_ARRAY_X_loop[6].PE_ARRAY_Y_loop[0].PE_inst_REG_FILE_w_inst            REG_FILE_WEIGHT_REGISTER_INPUTS1_NUM_REGS24_BITWID         644    825.248    264.613     1089.861 
      PE_ARRAY_X_loop[15].PE_ARRAY_Y_loop[1].PE_inst_REG_FILE_w_inst           REG_FILE_WEIGHT_REGISTER_INPUTS1_NUM_REGS24_BITWID         644    825.248    264.613     1089.861 
      PE_ARRAY_X_loop[1].PE_ARRAY_Y_loop[2].PE_inst_REG_FILE_w_inst            REG_FILE_WEIGHT_REGISTER_INPUTS1_NUM_REGS24_BITWID         622    822.419    257.296     1079.715 
      PE_ARRAY_X_loop[6].PE_ARRAY_Y_loop[2].PE_inst_REG_FILE_w_inst            REG_FILE_WEIGHT_REGISTER_INPUTS1_NUM_REGS24_BITWID         622    822.419    257.296     1079.715 
      PE_ARRAY_X_loop[14].PE_ARRAY_Y_loop[1].PE_inst_REG_FILE_w_inst           REG_FILE_WEIGHT_REGISTER_INPUTS1_NUM_REGS24_BITWID         622    822.419    257.296     1079.715 
      PE_ARRAY_X_loop[14].PE_ARRAY_Y_loop[2].PE_inst_REG_FILE_w_inst           REG_FILE_WEIGHT_REGISTER_INPUTS1_NUM_REGS24_BITWID         622    822.419    257.296     1079.715 
      PE_ARRAY_X_loop[16].PE_ARRAY_Y_loop[0].PE_inst_REG_FILE_w_inst           REG_FILE_WEIGHT_REGISTER_INPUTS1_NUM_REGS24_BITWID         622    822.419    257.296     1079.715 
      PE_ARRAY_X_loop[16].PE_ARRAY_Y_loop[1].PE_inst_REG_FILE_w_inst           REG_FILE_WEIGHT_REGISTER_INPUTS1_NUM_REGS24_BITWID         622    822.419    257.296     1079.715 
      PE_ARRAY_X_loop[16].PE_ARRAY_Y_loop[2].PE_inst_REG_FILE_w_inst           REG_FILE_WEIGHT_REGISTER_INPUTS1_NUM_REGS24_BITWID         622    822.419    257.296     1079.715 
      PE_ARRAY_X_loop[17].PE_ARRAY_Y_loop[0].PE_inst_REG_FILE_w_inst           REG_FILE_WEIGHT_REGISTER_INPUTS1_NUM_REGS24_BITWID         622    822.419    257.296     1079.715 
      PE_ARRAY_X_loop[17].PE_ARRAY_Y_loop[1].PE_inst_REG_FILE_w_inst           REG_FILE_WEIGHT_REGISTER_INPUTS1_NUM_REGS24_BITWID         622    822.419    257.296     1079.715 
      PE_ARRAY_X_loop[17].PE_ARRAY_Y_loop[2].PE_inst_REG_FILE_w_inst           REG_FILE_WEIGHT_REGISTER_INPUTS1_NUM_REGS24_BITWID         622    822.419    257.296     1079.715 
      PE_ARRAY_X_loop[18].PE_ARRAY_Y_loop[0].PE_inst_REG_FILE_w_inst           REG_FILE_WEIGHT_REGISTER_INPUTS1_NUM_REGS24_BITWID         622    822.419    257.296     1079.715 
      PE_ARRAY_X_loop[18].PE_ARRAY_Y_loop[1].PE_inst_REG_FILE_w_inst           REG_FILE_WEIGHT_REGISTER_INPUTS1_NUM_REGS24_BITWID         622    822.419    257.296     1079.715 
      PE_ARRAY_X_loop[18].PE_ARRAY_Y_loop[2].PE_inst_REG_FILE_w_inst           REG_FILE_WEIGHT_REGISTER_INPUTS1_NUM_REGS24_BITWID         622    822.419    257.296     1079.715 
      PE_ARRAY_X_loop[19].PE_ARRAY_Y_loop[0].PE_inst_REG_FILE_w_inst           REG_FILE_WEIGHT_REGISTER_INPUTS1_NUM_REGS24_BITWID         622    822.419    257.296     1079.715 
      PE_ARRAY_X_loop[19].PE_ARRAY_Y_loop[1].PE_inst_REG_FILE_w_inst           REG_FILE_WEIGHT_REGISTER_INPUTS1_NUM_REGS24_BITWID         622    822.419    257.296     1079.715 
      PE_ARRAY_X_loop[19].PE_ARRAY_Y_loop[2].PE_inst_REG_FILE_w_inst           REG_FILE_WEIGHT_REGISTER_INPUTS1_NUM_REGS24_BITWID         622    822.419    257.296     1079.715 
      PE_ARRAY_X_loop[20].PE_ARRAY_Y_loop[0].PE_inst_REG_FILE_w_inst           REG_FILE_WEIGHT_REGISTER_INPUTS1_NUM_REGS24_BITWID         622    822.419    257.296     1079.715 
      PE_ARRAY_X_loop[20].PE_ARRAY_Y_loop[1].PE_inst_REG_FILE_w_inst           REG_FILE_WEIGHT_REGISTER_INPUTS1_NUM_REGS24_BITWID         622    822.419    257.296     1079.715 
      PE_ARRAY_X_loop[20].PE_ARRAY_Y_loop[2].PE_inst_REG_FILE_w_inst           REG_FILE_WEIGHT_REGISTER_INPUTS1_NUM_REGS24_BITWID         622    822.419    257.296     1079.715 
      PE_ARRAY_X_loop[21].PE_ARRAY_Y_loop[0].PE_inst_REG_FILE_w_inst           REG_FILE_WEIGHT_REGISTER_INPUTS1_NUM_REGS24_BITWID         622    822.419    257.296     1079.715 
      PE_ARRAY_X_loop[21].PE_ARRAY_Y_loop[2].PE_inst_REG_FILE_w_inst           REG_FILE_WEIGHT_REGISTER_INPUTS1_NUM_REGS24_BITWID         622    822.419    257.296     1079.715 
      PE_ARRAY_X_loop[3].PE_ARRAY_Y_loop[2].PE_inst_REG_FILE_w_inst            REG_FILE_WEIGHT_REGISTER_INPUTS1_NUM_REGS24_BITWID         622    822.419    257.296     1079.715 
      PE_ARRAY_X_loop[8].PE_ARRAY_Y_loop[0].PE_inst_REG_FILE_w_inst            REG_FILE_WEIGHT_REGISTER_INPUTS1_NUM_REGS24_BITWID         622    822.419    257.296     1079.715 
      PE_ARRAY_X_loop[8].PE_ARRAY_Y_loop[1].PE_inst_REG_FILE_w_inst            REG_FILE_WEIGHT_REGISTER_INPUTS1_NUM_REGS24_BITWID         622    822.419    257.296     1079.715 
      PE_ARRAY_X_loop[8].PE_ARRAY_Y_loop[2].PE_inst_REG_FILE_w_inst            REG_FILE_WEIGHT_REGISTER_INPUTS1_NUM_REGS24_BITWID         622    822.419    257.296     1079.715 
      PE_ARRAY_X_loop[9].PE_ARRAY_Y_loop[0].PE_inst_REG_FILE_w_inst            REG_FILE_WEIGHT_REGISTER_INPUTS1_NUM_REGS24_BITWID         622    822.419    257.296     1079.715 
      PE_ARRAY_X_loop[9].PE_ARRAY_Y_loop[1].PE_inst_REG_FILE_w_inst            REG_FILE_WEIGHT_REGISTER_INPUTS1_NUM_REGS24_BITWID         622    822.419    257.296     1079.715 
      PE_ARRAY_X_loop[9].PE_ARRAY_Y_loop[2].PE_inst_REG_FILE_w_inst            REG_FILE_WEIGHT_REGISTER_INPUTS1_NUM_REGS24_BITWID         622    822.419    257.296     1079.715 
      PE_ARRAY_X_loop[10].PE_ARRAY_Y_loop[0].PE_inst_REG_FILE_w_inst           REG_FILE_WEIGHT_REGISTER_INPUTS1_NUM_REGS24_BITWID         622    822.419    257.296     1079.715 
      PE_ARRAY_X_loop[10].PE_ARRAY_Y_loop[1].PE_inst_REG_FILE_w_inst           REG_FILE_WEIGHT_REGISTER_INPUTS1_NUM_REGS24_BITWID         622    822.419    257.296     1079.715 
      PE_ARRAY_X_loop[10].PE_ARRAY_Y_loop[2].PE_inst_REG_FILE_w_inst           REG_FILE_WEIGHT_REGISTER_INPUTS1_NUM_REGS24_BITWID         622    822.419    257.296     1079.715 
      PE_ARRAY_X_loop[11].PE_ARRAY_Y_loop[1].PE_inst_REG_FILE_w_inst           REG_FILE_WEIGHT_REGISTER_INPUTS1_NUM_REGS24_BITWID         622    822.419    257.296     1079.715 
      PE_ARRAY_X_loop[11].PE_ARRAY_Y_loop[2].PE_inst_REG_FILE_w_inst           REG_FILE_WEIGHT_REGISTER_INPUTS1_NUM_REGS24_BITWID         622    822.419    257.296     1079.715 
      PE_ARRAY_X_loop[13].PE_ARRAY_Y_loop[0].PE_inst_REG_FILE_w_inst           REG_FILE_WEIGHT_REGISTER_INPUTS1_NUM_REGS24_BITWID         622    822.419    257.296     1079.715 
      PE_ARRAY_X_loop[13].PE_ARRAY_Y_loop[1].PE_inst_REG_FILE_w_inst           REG_FILE_WEIGHT_REGISTER_INPUTS1_NUM_REGS24_BITWID         622    822.419    257.296     1079.715 
      PE_ARRAY_X_loop[13].PE_ARRAY_Y_loop[2].PE_inst_REG_FILE_w_inst           REG_FILE_WEIGHT_REGISTER_INPUTS1_NUM_REGS24_BITWID         622    822.419    257.296     1079.715 
      PE_ARRAY_X_loop[22].PE_ARRAY_Y_loop[0].PE_inst_REG_FILE_w_inst           REG_FILE_WEIGHT_REGISTER_INPUTS1_NUM_REGS24_BITWID         622    822.419    257.296     1079.715 
      PE_ARRAY_X_loop[28].PE_ARRAY_Y_loop[1].PE_inst_REG_FILE_w_inst           REG_FILE_WEIGHT_REGISTER_INPUTS1_NUM_REGS24_BITWID         622    822.419    257.296     1079.715 
      PE_ARRAY_X_loop[28].PE_ARRAY_Y_loop[2].PE_inst_REG_FILE_w_inst           REG_FILE_WEIGHT_REGISTER_INPUTS1_NUM_REGS24_BITWID         622    822.419    257.296     1079.715 
      PE_ARRAY_X_loop[31].PE_ARRAY_Y_loop[0].PE_inst_REG_FILE_w_inst           REG_FILE_WEIGHT_REGISTER_INPUTS1_NUM_REGS24_BITWID         622    822.419    257.296     1079.715 
      PE_ARRAY_X_loop[14].PE_ARRAY_Y_loop[0].PE_inst_REG_FILE_w_inst           REG_FILE_WEIGHT_REGISTER_INPUTS1_NUM_REGS24_BITWID         622    822.419    257.296     1079.715 
      PE_ARRAY_X_loop[29].PE_ARRAY_Y_loop[0].PE_inst_REG_FILE_w_inst           REG_FILE_WEIGHT_REGISTER_INPUTS1_NUM_REGS24_BITWID         622    822.419    257.296     1079.715 
      PE_ARRAY_X_loop[0].PE_ARRAY_Y_loop[1].PE_inst_REG_FILE_w_inst            REG_FILE_WEIGHT_REGISTER_INPUTS1_NUM_REGS24_BITWID         622    822.419    257.296     1079.715 
      PE_ARRAY_X_loop[0].PE_ARRAY_Y_loop[2].PE_inst_REG_FILE_w_inst            REG_FILE_WEIGHT_REGISTER_INPUTS1_NUM_REGS24_BITWID         622    822.419    257.296     1079.715 
      PE_ARRAY_X_loop[1].PE_ARRAY_Y_loop[0].PE_inst_REG_FILE_w_inst            REG_FILE_WEIGHT_REGISTER_INPUTS1_NUM_REGS24_BITWID         622    822.419    257.296     1079.715 
      PE_ARRAY_X_loop[2].PE_ARRAY_Y_loop[0].PE_inst_REG_FILE_w_inst            REG_FILE_WEIGHT_REGISTER_INPUTS1_NUM_REGS24_BITWID         622    822.419    257.296     1079.715 
      PE_ARRAY_X_loop[2].PE_ARRAY_Y_loop[1].PE_inst_REG_FILE_w_inst            REG_FILE_WEIGHT_REGISTER_INPUTS1_NUM_REGS24_BITWID         622    822.419    257.296     1079.715 
      PE_ARRAY_X_loop[2].PE_ARRAY_Y_loop[2].PE_inst_REG_FILE_w_inst            REG_FILE_WEIGHT_REGISTER_INPUTS1_NUM_REGS24_BITWID         622    822.419    257.296     1079.715 
      PE_ARRAY_X_loop[7].PE_ARRAY_Y_loop[0].PE_inst_REG_FILE_w_inst            REG_FILE_WEIGHT_REGISTER_INPUTS1_NUM_REGS24_BITWID         622    822.419    257.296     1079.715 
      PE_ARRAY_X_loop[24].PE_ARRAY_Y_loop[0].PE_inst_REG_FILE_w_inst           REG_FILE_WEIGHT_REGISTER_INPUTS1_NUM_REGS24_BITWID         622    822.419    257.296     1079.715 
      PE_ARRAY_X_loop[24].PE_ARRAY_Y_loop[1].PE_inst_REG_FILE_w_inst           REG_FILE_WEIGHT_REGISTER_INPUTS1_NUM_REGS24_BITWID         622    822.419    257.296     1079.715 
      PE_ARRAY_X_loop[24].PE_ARRAY_Y_loop[2].PE_inst_REG_FILE_w_inst           REG_FILE_WEIGHT_REGISTER_INPUTS1_NUM_REGS24_BITWID         622    822.419    257.296     1079.715 
      PE_ARRAY_X_loop[29].PE_ARRAY_Y_loop[1].PE_inst_REG_FILE_w_inst           REG_FILE_WEIGHT_REGISTER_INPUTS1_NUM_REGS24_BITWID         622    822.419    257.296     1079.715 
      PE_ARRAY_X_loop[29].PE_ARRAY_Y_loop[2].PE_inst_REG_FILE_w_inst           REG_FILE_WEIGHT_REGISTER_INPUTS1_NUM_REGS24_BITWID         622    822.419    257.296     1079.715 
      PE_ARRAY_X_loop[31].PE_ARRAY_Y_loop[2].PE_inst_REG_FILE_w_inst           REG_FILE_WEIGHT_REGISTER_INPUTS1_NUM_REGS24_BITWID         622    822.419    257.296     1079.715 
      PE_ARRAY_X_loop[6].PE_ARRAY_Y_loop[1].PE_inst_REG_FILE_w_inst            REG_FILE_WEIGHT_REGISTER_INPUTS1_NUM_REGS24_BITWID         622    822.419    257.296     1079.715 
      PE_ARRAY_X_loop[3].PE_ARRAY_Y_loop[0].PE_inst_REG_FILE_w_inst            REG_FILE_WEIGHT_REGISTER_INPUTS1_NUM_REGS24_BITWID         622    822.419    257.296     1079.715 
      PE_ARRAY_X_loop[3].PE_ARRAY_Y_loop[1].PE_inst_REG_FILE_w_inst            REG_FILE_WEIGHT_REGISTER_INPUTS1_NUM_REGS24_BITWID         622    822.419    257.296     1079.715 
      PE_ARRAY_X_loop[12].PE_ARRAY_Y_loop[0].PE_inst_REG_FILE_w_inst           REG_FILE_WEIGHT_REGISTER_INPUTS1_NUM_REGS24_BITWID         622    822.419    257.296     1079.715 
      PE_ARRAY_X_loop[12].PE_ARRAY_Y_loop[1].PE_inst_REG_FILE_w_inst           REG_FILE_WEIGHT_REGISTER_INPUTS1_NUM_REGS24_BITWID         622    822.419    257.296     1079.715 
      PE_ARRAY_X_loop[12].PE_ARRAY_Y_loop[2].PE_inst_REG_FILE_w_inst           REG_FILE_WEIGHT_REGISTER_INPUTS1_NUM_REGS24_BITWID         622    822.419    257.296     1079.715 
      PE_ARRAY_X_loop[15].PE_ARRAY_Y_loop[0].PE_inst_REG_FILE_w_inst           REG_FILE_WEIGHT_REGISTER_INPUTS1_NUM_REGS24_BITWID         622    822.419    257.296     1079.715 
      PE_ARRAY_X_loop[15].PE_ARRAY_Y_loop[2].PE_inst_REG_FILE_w_inst           REG_FILE_WEIGHT_REGISTER_INPUTS1_NUM_REGS24_BITWID         622    822.419    257.296     1079.715 
      PE_ARRAY_X_loop[26].PE_ARRAY_Y_loop[0].PE_inst_REG_FILE_w_inst           REG_FILE_WEIGHT_REGISTER_INPUTS1_NUM_REGS24_BITWID         622    822.419    257.296     1079.715 
      PE_ARRAY_X_loop[26].PE_ARRAY_Y_loop[1].PE_inst_REG_FILE_w_inst           REG_FILE_WEIGHT_REGISTER_INPUTS1_NUM_REGS24_BITWID         622    822.419    257.296     1079.715 
      PE_ARRAY_X_loop[26].PE_ARRAY_Y_loop[2].PE_inst_REG_FILE_w_inst           REG_FILE_WEIGHT_REGISTER_INPUTS1_NUM_REGS24_BITWID         622    822.419    257.296     1079.715 
      PE_ARRAY_X_loop[27].PE_ARRAY_Y_loop[2].PE_inst_REG_FILE_w_inst           REG_FILE_WEIGHT_REGISTER_INPUTS1_NUM_REGS24_BITWID         622    822.419    257.296     1079.715 
      PE_ARRAY_X_loop[27].PE_ARRAY_Y_loop[1].PE_inst_REG_FILE_w_inst           REG_FILE_WEIGHT_REGISTER_INPUTS1_NUM_REGS24_BITWID         622    822.419    257.296     1079.715 
      PE_ARRAY_X_loop[27].PE_ARRAY_Y_loop[0].PE_inst_REG_FILE_w_inst           REG_FILE_WEIGHT_REGISTER_INPUTS1_NUM_REGS24_BITWID         622    822.419    257.296     1079.715 
      PE_ARRAY_X_loop[30].PE_ARRAY_Y_loop[0].PE_inst_REG_FILE_w_inst           REG_FILE_WEIGHT_REGISTER_INPUTS1_NUM_REGS24_BITWID         622    822.419    257.296     1079.715 
      PE_ARRAY_X_loop[30].PE_ARRAY_Y_loop[1].PE_inst_REG_FILE_w_inst           REG_FILE_WEIGHT_REGISTER_INPUTS1_NUM_REGS24_BITWID         622    822.419    257.296     1079.715 
      PE_ARRAY_X_loop[30].PE_ARRAY_Y_loop[2].PE_inst_REG_FILE_w_inst           REG_FILE_WEIGHT_REGISTER_INPUTS1_NUM_REGS24_BITWID         622    822.419    257.296     1079.715 
      PE_ARRAY_X_loop[21].PE_ARRAY_Y_loop[1].PE_inst_REG_FILE_w_inst           REG_FILE_WEIGHT_REGISTER_INPUTS1_NUM_REGS24_BITWID         622    822.419    257.296     1079.715 
      PE_ARRAY_X_loop[4].PE_ARRAY_Y_loop[0].PE_inst_REG_FILE_w_inst            REG_FILE_WEIGHT_REGISTER_INPUTS1_NUM_REGS24_BITWID         622    822.419    257.296     1079.715 
      PE_ARRAY_X_loop[4].PE_ARRAY_Y_loop[1].PE_inst_REG_FILE_w_inst            REG_FILE_WEIGHT_REGISTER_INPUTS1_NUM_REGS24_BITWID         622    822.419    257.296     1079.715 
      PE_ARRAY_X_loop[4].PE_ARRAY_Y_loop[2].PE_inst_REG_FILE_w_inst            REG_FILE_WEIGHT_REGISTER_INPUTS1_NUM_REGS24_BITWID         622    822.419    257.296     1079.715 
      PE_ARRAY_X_loop[5].PE_ARRAY_Y_loop[0].PE_inst_REG_FILE_w_inst            REG_FILE_WEIGHT_REGISTER_INPUTS1_NUM_REGS24_BITWID         622    822.419    257.296     1079.715 
      PE_ARRAY_X_loop[5].PE_ARRAY_Y_loop[1].PE_inst_REG_FILE_w_inst            REG_FILE_WEIGHT_REGISTER_INPUTS1_NUM_REGS24_BITWID         622    822.419    257.296     1079.715 
      PE_ARRAY_X_loop[5].PE_ARRAY_Y_loop[2].PE_inst_REG_FILE_w_inst            REG_FILE_WEIGHT_REGISTER_INPUTS1_NUM_REGS24_BITWID         622    822.419    257.296     1079.715 
      PE_ARRAY_X_loop[22].PE_ARRAY_Y_loop[1].PE_inst_REG_FILE_w_inst           REG_FILE_WEIGHT_REGISTER_INPUTS1_NUM_REGS24_BITWID         622    822.419    257.296     1079.715 
      PE_ARRAY_X_loop[22].PE_ARRAY_Y_loop[2].PE_inst_REG_FILE_w_inst           REG_FILE_WEIGHT_REGISTER_INPUTS1_NUM_REGS24_BITWID         622    822.419    257.296     1079.715 
      PE_ARRAY_X_loop[23].PE_ARRAY_Y_loop[0].PE_inst_REG_FILE_w_inst           REG_FILE_WEIGHT_REGISTER_INPUTS1_NUM_REGS24_BITWID         622    822.419    257.296     1079.715 
      PE_ARRAY_X_loop[23].PE_ARRAY_Y_loop[1].PE_inst_REG_FILE_w_inst           REG_FILE_WEIGHT_REGISTER_INPUTS1_NUM_REGS24_BITWID         622    822.419    257.296     1079.715 
      PE_ARRAY_X_loop[23].PE_ARRAY_Y_loop[2].PE_inst_REG_FILE_w_inst           REG_FILE_WEIGHT_REGISTER_INPUTS1_NUM_REGS24_BITWID         622    822.419    257.296     1079.715 
      PE_ARRAY_X_loop[25].PE_ARRAY_Y_loop[0].PE_inst_REG_FILE_w_inst           REG_FILE_WEIGHT_REGISTER_INPUTS1_NUM_REGS24_BITWID         622    822.419    257.296     1079.715 
      PE_ARRAY_X_loop[25].PE_ARRAY_Y_loop[1].PE_inst_REG_FILE_w_inst           REG_FILE_WEIGHT_REGISTER_INPUTS1_NUM_REGS24_BITWID         622    822.419    257.296     1079.715 
      PE_ARRAY_X_loop[25].PE_ARRAY_Y_loop[2].PE_inst_REG_FILE_w_inst           REG_FILE_WEIGHT_REGISTER_INPUTS1_NUM_REGS24_BITWID         622    822.419    257.296     1079.715 
      PE_ARRAY_X_loop[28].PE_ARRAY_Y_loop[0].PE_inst_REG_FILE_w_inst           REG_FILE_WEIGHT_REGISTER_INPUTS1_NUM_REGS24_BITWID         622    822.419    257.296     1079.715 
      PE_ARRAY_X_loop[7].PE_ARRAY_Y_loop[2].PE_inst_PE_CTR_inst                PE_CTR_Y_ID3_X32_NUM_REGS_IFM_REG_FILE34_NUM_REGS_         689    527.136    249.664      776.800 
      PE_ARRAY_X_loop[26].PE_ARRAY_Y_loop[2].PE_inst_PE_CTR_inst               PE_CTR_Y_ID3_X32_NUM_REGS_IFM_REG_FILE34_NUM_REGS_         687    522.458    250.671      773.129 
      PE_ARRAY_X_loop[5].PE_ARRAY_Y_loop[2].PE_inst_PE_CTR_inst                PE_CTR_Y_ID3_X32_NUM_REGS_IFM_REG_FILE34_NUM_REGS_         687    522.458    250.671      773.129 
      PE_ARRAY_X_loop[0].PE_ARRAY_Y_loop[0].PE_inst_PE_CTR_inst                PE_CTR_Y_ID1_X32_NUM_REGS_IFM_REG_FILE34_NUM_REGS_         685    521.261    249.437      770.698 
      PE_ARRAY_X_loop[24].PE_ARRAY_Y_loop[2].PE_inst_PE_CTR_inst               PE_CTR_Y_ID3_X32_NUM_REGS_IFM_REG_FILE34_NUM_REGS_         689    521.696    247.004      768.700 
      PE_ARRAY_X_loop[0].PE_ARRAY_Y_loop[2].PE_inst_PE_CTR_inst                PE_CTR_Y_ID3_X32_NUM_REGS_IFM_REG_FILE34_NUM_REGS_         675    520.499    247.959      768.458 
      PE_ARRAY_X_loop[6].PE_ARRAY_Y_loop[0].PE_inst_PE_CTR_inst                PE_CTR_Y_ID1_X32_NUM_REGS_IFM_REG_FILE34_NUM_REGS_         672    521.152    247.056      768.208 
      PE_ARRAY_X_loop[6].PE_ARRAY_Y_loop[2].PE_inst_PE_CTR_inst                PE_CTR_Y_ID3_X32_NUM_REGS_IFM_REG_FILE34_NUM_REGS_         670    521.587    246.422      768.009 
      PE_ARRAY_X_loop[10].PE_ARRAY_Y_loop[2].PE_inst_PE_CTR_inst               PE_CTR_Y_ID3_X32_NUM_REGS_IFM_REG_FILE34_NUM_REGS_         683    522.675    244.885      767.560 
      PE_ARRAY_X_loop[16].PE_ARRAY_Y_loop[2].PE_inst_PE_CTR_inst               PE_CTR_Y_ID3_X32_NUM_REGS_IFM_REG_FILE34_NUM_REGS_         683    522.675    244.885      767.560 
      PE_ARRAY_X_loop[12].PE_ARRAY_Y_loop[2].PE_inst_PE_CTR_inst               PE_CTR_Y_ID3_X32_NUM_REGS_IFM_REG_FILE34_NUM_REGS_         683    522.675    244.885      767.560 
      PE_ARRAY_X_loop[13].PE_ARRAY_Y_loop[0].PE_inst_PE_CTR_inst               PE_CTR_Y_ID1_X32_NUM_REGS_IFM_REG_FILE34_NUM_REGS_         682    519.738    247.772      767.510 
      PE_ARRAY_X_loop[13].PE_ARRAY_Y_loop[2].PE_inst_PE_CTR_inst               PE_CTR_Y_ID3_X32_NUM_REGS_IFM_REG_FILE34_NUM_REGS_         686    521.152    245.898      767.050 
      PE_ARRAY_X_loop[18].PE_ARRAY_Y_loop[2].PE_inst_PE_CTR_inst               PE_CTR_Y_ID3_X32_NUM_REGS_IFM_REG_FILE34_NUM_REGS_         684    522.240    244.664      766.904 
      PE_ARRAY_X_loop[8].PE_ARRAY_Y_loop[2].PE_inst_PE_CTR_inst                PE_CTR_Y_ID3_X32_NUM_REGS_IFM_REG_FILE34_NUM_REGS_         684    522.240    244.664      766.904 
      PE_ARRAY_X_loop[28].PE_ARRAY_Y_loop[2].PE_inst_PE_CTR_inst               PE_CTR_Y_ID3_X32_NUM_REGS_IFM_REG_FILE34_NUM_REGS_         684    522.240    244.664      766.904 
      PE_ARRAY_X_loop[22].PE_ARRAY_Y_loop[2].PE_inst_PE_CTR_inst               PE_CTR_Y_ID3_X32_NUM_REGS_IFM_REG_FILE34_NUM_REGS_         684    522.240    244.664      766.904 
      PE_ARRAY_X_loop[25].PE_ARRAY_Y_loop[2].PE_inst_PE_CTR_inst               PE_CTR_Y_ID3_X32_NUM_REGS_IFM_REG_FILE34_NUM_REGS_         684    522.240    244.664      766.904 
      PE_ARRAY_X_loop[2].PE_ARRAY_Y_loop[0].PE_inst_PE_CTR_inst                PE_CTR_Y_ID1_X32_NUM_REGS_IFM_REG_FILE34_NUM_REGS_         671    519.846    247.039      766.885 
      PE_ARRAY_X_loop[31].PE_ARRAY_Y_loop[2].PE_inst_PE_CTR_inst               PE_CTR_Y_ID3_X32_NUM_REGS_IFM_REG_FILE34_NUM_REGS_         678    522.131    243.849      765.980 
      PE_ARRAY_X_loop[13].PE_ARRAY_Y_loop[1].PE_inst_PE_CTR_inst               PE_CTR_Y_ID2_X32_NUM_REGS_IFM_REG_FILE34_NUM_REGS_         678    518.976    246.189      765.165 
      PE_ARRAY_X_loop[27].PE_ARRAY_Y_loop[2].PE_inst_PE_CTR_inst               PE_CTR_Y_ID3_X32_NUM_REGS_IFM_REG_FILE34_NUM_REGS_         683    520.826    244.222      765.047 
      PE_ARRAY_X_loop[4].PE_ARRAY_Y_loop[2].PE_inst_PE_CTR_inst                PE_CTR_Y_ID3_X32_NUM_REGS_IFM_REG_FILE34_NUM_REGS_         682    520.499    243.773      764.272 
      PE_ARRAY_X_loop[14].PE_ARRAY_Y_loop[2].PE_inst_PE_CTR_inst               PE_CTR_Y_ID3_X32_NUM_REGS_IFM_REG_FILE34_NUM_REGS_         678    520.934    243.092      764.027 
      PE_ARRAY_X_loop[17].PE_ARRAY_Y_loop[2].PE_inst_PE_CTR_inst               PE_CTR_Y_ID3_X32_NUM_REGS_IFM_REG_FILE34_NUM_REGS_         678    520.934    243.092      764.027 
      PE_ARRAY_X_loop[1].PE_ARRAY_Y_loop[2].PE_inst_PE_CTR_inst                PE_CTR_Y_ID3_X32_NUM_REGS_IFM_REG_FILE34_NUM_REGS_         678    520.934    243.092      764.027 
      PE_ARRAY_X_loop[3].PE_ARRAY_Y_loop[2].PE_inst_PE_CTR_inst                PE_CTR_Y_ID3_X32_NUM_REGS_IFM_REG_FILE34_NUM_REGS_         678    520.934    243.092      764.027 
      PE_ARRAY_X_loop[9].PE_ARRAY_Y_loop[2].PE_inst_PE_CTR_inst                PE_CTR_Y_ID3_X32_NUM_REGS_IFM_REG_FILE34_NUM_REGS_         678    520.934    243.092      764.027 
      PE_ARRAY_X_loop[29].PE_ARRAY_Y_loop[2].PE_inst_PE_CTR_inst               PE_CTR_Y_ID3_X32_NUM_REGS_IFM_REG_FILE34_NUM_REGS_         678    520.934    243.092      764.027 
      PE_ARRAY_X_loop[20].PE_ARRAY_Y_loop[2].PE_inst_PE_CTR_inst               PE_CTR_Y_ID3_X32_NUM_REGS_IFM_REG_FILE34_NUM_REGS_         677    520.064    242.848      762.912 
      PE_ARRAY_X_loop[2].PE_ARRAY_Y_loop[2].PE_inst_PE_CTR_inst                PE_CTR_Y_ID3_X32_NUM_REGS_IFM_REG_FILE34_NUM_REGS_         675    519.520    243.081      762.601 
      PE_ARRAY_X_loop[19].PE_ARRAY_Y_loop[2].PE_inst_PE_CTR_inst               PE_CTR_Y_ID3_X32_NUM_REGS_IFM_REG_FILE34_NUM_REGS_         673    520.499    241.410      761.909 
      PE_ARRAY_X_loop[21].PE_ARRAY_Y_loop[2].PE_inst_PE_CTR_inst               PE_CTR_Y_ID3_X32_NUM_REGS_IFM_REG_FILE34_NUM_REGS_         673    520.499    241.410      761.909 
      PE_ARRAY_X_loop[15].PE_ARRAY_Y_loop[2].PE_inst_PE_CTR_inst               PE_CTR_Y_ID3_X32_NUM_REGS_IFM_REG_FILE34_NUM_REGS_         673    520.499    241.410      761.909 
      PE_ARRAY_X_loop[0].PE_ARRAY_Y_loop[1].PE_inst_PE_CTR_inst                PE_CTR_Y_ID2_X32_NUM_REGS_IFM_REG_FILE34_NUM_REGS_         666    520.717    241.165      761.882 
      PE_ARRAY_X_loop[11].PE_ARRAY_Y_loop[2].PE_inst_PE_CTR_inst               PE_CTR_Y_ID3_X32_NUM_REGS_IFM_REG_FILE34_NUM_REGS_         677    519.520    242.306      761.826 
      PE_ARRAY_X_loop[30].PE_ARRAY_Y_loop[2].PE_inst_PE_CTR_inst               PE_CTR_Y_ID3_X32_NUM_REGS_IFM_REG_FILE34_NUM_REGS_         677    519.520    242.306      761.826 
      PE_ARRAY_X_loop[23].PE_ARRAY_Y_loop[2].PE_inst_PE_CTR_inst               PE_CTR_Y_ID3_X32_NUM_REGS_IFM_REG_FILE34_NUM_REGS_         677    519.520    242.306      761.826 
      PE_ARRAY_X_loop[1].PE_ARRAY_Y_loop[1].PE_inst_PE_CTR_inst                PE_CTR_Y_ID2_X32_NUM_REGS_IFM_REG_FILE34_NUM_REGS_         669    514.406    245.683      760.089 
      PE_ARRAY_X_loop[31].PE_ARRAY_Y_loop[1].PE_inst_PE_CTR_inst               PE_CTR_Y_ID2_X32_NUM_REGS_IFM_REG_FILE34_NUM_REGS_         669    514.406    245.683      760.089 
      PE_ARRAY_X_loop[15].PE_ARRAY_Y_loop[1].PE_inst_PE_CTR_inst               PE_CTR_Y_ID2_X32_NUM_REGS_IFM_REG_FILE34_NUM_REGS_         669    514.406    245.683      760.089 
      PE_ARRAY_X_loop[7].PE_ARRAY_Y_loop[1].PE_inst_PE_CTR_inst                PE_CTR_Y_ID2_X32_NUM_REGS_IFM_REG_FILE34_NUM_REGS_         669    514.406    245.683      760.089 
      PE_ARRAY_X_loop[11].PE_ARRAY_Y_loop[0].PE_inst_PE_CTR_inst               PE_CTR_Y_ID1_X32_NUM_REGS_IFM_REG_FILE34_NUM_REGS_         662    516.365    243.686      760.051 
      PE_ARRAY_X_loop[3].PE_ARRAY_Y_loop[0].PE_inst_PE_CTR_inst                PE_CTR_Y_ID1_X32_NUM_REGS_IFM_REG_FILE34_NUM_REGS_         669    517.018    242.947      759.964 
      PE_ARRAY_X_loop[9].PE_ARRAY_Y_loop[0].PE_inst_PE_CTR_inst                PE_CTR_Y_ID1_X32_NUM_REGS_IFM_REG_FILE34_NUM_REGS_         659    515.277    244.350      759.626 
      PE_ARRAY_X_loop[1].PE_ARRAY_Y_loop[0].PE_inst_PE_CTR_inst                PE_CTR_Y_ID1_X32_NUM_REGS_IFM_REG_FILE34_NUM_REGS_         659    515.277    244.350      759.626 
      PE_ARRAY_X_loop[26].PE_ARRAY_Y_loop[0].PE_inst_PE_CTR_inst               PE_CTR_Y_ID1_X32_NUM_REGS_IFM_REG_FILE34_NUM_REGS_         658    515.386    244.012      759.398 
      PE_ARRAY_X_loop[18].PE_ARRAY_Y_loop[0].PE_inst_PE_CTR_inst               PE_CTR_Y_ID1_X32_NUM_REGS_IFM_REG_FILE34_NUM_REGS_         657    514.950    244.227      759.178 
      PE_ARRAY_X_loop[20].PE_ARRAY_Y_loop[0].PE_inst_PE_CTR_inst               PE_CTR_Y_ID1_X32_NUM_REGS_IFM_REG_FILE34_NUM_REGS_         657    514.950    244.227      759.178 
      PE_ARRAY_X_loop[31].PE_ARRAY_Y_loop[0].PE_inst_PE_CTR_inst               PE_CTR_Y_ID1_X32_NUM_REGS_IFM_REG_FILE34_NUM_REGS_         668    516.038    242.498      758.537 
      PE_ARRAY_X_loop[15].PE_ARRAY_Y_loop[0].PE_inst_PE_CTR_inst               PE_CTR_Y_ID1_X32_NUM_REGS_IFM_REG_FILE34_NUM_REGS_         668    516.038    242.498      758.537 
      PE_ARRAY_X_loop[25].PE_ARRAY_Y_loop[0].PE_inst_PE_CTR_inst               PE_CTR_Y_ID1_X32_NUM_REGS_IFM_REG_FILE34_NUM_REGS_         652    515.277    242.650      757.927 
      PE_ARRAY_X_loop[28].PE_ARRAY_Y_loop[0].PE_inst_PE_CTR_inst               PE_CTR_Y_ID1_X32_NUM_REGS_IFM_REG_FILE34_NUM_REGS_         652    515.277    242.650      757.927 
      PE_ARRAY_X_loop[24].PE_ARRAY_Y_loop[0].PE_inst_PE_CTR_inst               PE_CTR_Y_ID1_X32_NUM_REGS_IFM_REG_FILE34_NUM_REGS_         662    517.997    239.361      757.358 
      PE_ARRAY_X_loop[8].PE_ARRAY_Y_loop[0].PE_inst_PE_CTR_inst                PE_CTR_Y_ID1_X32_NUM_REGS_IFM_REG_FILE34_NUM_REGS_         660    515.277    240.484      755.761 
      PE_ARRAY_X_loop[10].PE_ARRAY_Y_loop[0].PE_inst_PE_CTR_inst               PE_CTR_Y_ID1_X32_NUM_REGS_IFM_REG_FILE34_NUM_REGS_         660    515.277    240.484      755.761 
      PE_ARRAY_X_loop[22].PE_ARRAY_Y_loop[0].PE_inst_PE_CTR_inst               PE_CTR_Y_ID1_X32_NUM_REGS_IFM_REG_FILE34_NUM_REGS_         660    515.277    240.484      755.761 
      PE_ARRAY_X_loop[14].PE_ARRAY_Y_loop[0].PE_inst_PE_CTR_inst               PE_CTR_Y_ID1_X32_NUM_REGS_IFM_REG_FILE34_NUM_REGS_         660    515.277    240.484      755.761 
      PE_ARRAY_X_loop[29].PE_ARRAY_Y_loop[0].PE_inst_PE_CTR_inst               PE_CTR_Y_ID1_X32_NUM_REGS_IFM_REG_FILE34_NUM_REGS_         660    515.277    240.484      755.761 
      PE_ARRAY_X_loop[12].PE_ARRAY_Y_loop[0].PE_inst_PE_CTR_inst               PE_CTR_Y_ID1_X32_NUM_REGS_IFM_REG_FILE34_NUM_REGS_         660    515.277    240.484      755.761 
      PE_ARRAY_X_loop[24].PE_ARRAY_Y_loop[1].PE_inst_PE_CTR_inst               PE_CTR_Y_ID2_X32_NUM_REGS_IFM_REG_FILE34_NUM_REGS_         670    513.862    241.148      755.010 
      PE_ARRAY_X_loop[27].PE_ARRAY_Y_loop[0].PE_inst_PE_CTR_inst               PE_CTR_Y_ID1_X32_NUM_REGS_IFM_REG_FILE34_NUM_REGS_         657    516.691    237.795      754.486 
      PE_ARRAY_X_loop[16].PE_ARRAY_Y_loop[1].PE_inst_PE_CTR_inst               PE_CTR_Y_ID2_X32_NUM_REGS_IFM_REG_FILE34_NUM_REGS_         661    514.080    239.454      753.534 
      PE_ARRAY_X_loop[19].PE_ARRAY_Y_loop[0].PE_inst_PE_CTR_inst               PE_CTR_Y_ID1_X32_NUM_REGS_IFM_REG_FILE34_NUM_REGS_         657    514.189    239.250      753.439 
      PE_ARRAY_X_loop[21].PE_ARRAY_Y_loop[0].PE_inst_PE_CTR_inst               PE_CTR_Y_ID1_X32_NUM_REGS_IFM_REG_FILE34_NUM_REGS_         657    514.189    239.250      753.439 
      PE_ARRAY_X_loop[6].PE_ARRAY_Y_loop[1].PE_inst_PE_CTR_inst                PE_CTR_Y_ID2_X32_NUM_REGS_IFM_REG_FILE34_NUM_REGS_         665    513.210    240.030      753.240 
      PE_ARRAY_X_loop[2].PE_ARRAY_Y_loop[1].PE_inst_PE_CTR_inst                PE_CTR_Y_ID2_X32_NUM_REGS_IFM_REG_FILE34_NUM_REGS_         666    512.448    240.688      753.136 
      PE_ARRAY_X_loop[23].PE_ARRAY_Y_loop[1].PE_inst_PE_CTR_inst               PE_CTR_Y_ID2_X32_NUM_REGS_IFM_REG_FILE34_NUM_REGS_         665    510.598    240.665      751.263 
      PE_ARRAY_X_loop[5].PE_ARRAY_Y_loop[0].PE_inst_PE_CTR_inst                PE_CTR_Y_ID1_X32_NUM_REGS_IFM_REG_FILE34_NUM_REGS_         653    512.992    238.232      751.224 
      PE_ARRAY_X_loop[29].PE_ARRAY_Y_loop[1].PE_inst_PE_CTR_inst               PE_CTR_Y_ID2_X32_NUM_REGS_IFM_REG_FILE34_NUM_REGS_         656    510.816    239.407      750.223 
      PE_ARRAY_X_loop[30].PE_ARRAY_Y_loop[0].PE_inst_PE_CTR_inst               PE_CTR_Y_ID1_X32_NUM_REGS_IFM_REG_FILE34_NUM_REGS_         655    512.339    237.783      750.122 
      PE_ARRAY_X_loop[4].PE_ARRAY_Y_loop[0].PE_inst_PE_CTR_inst                PE_CTR_Y_ID1_X32_NUM_REGS_IFM_REG_FILE34_NUM_REGS_         655    512.339    237.783      750.122 
      PE_ARRAY_X_loop[23].PE_ARRAY_Y_loop[0].PE_inst_PE_CTR_inst               PE_CTR_Y_ID1_X32_NUM_REGS_IFM_REG_FILE34_NUM_REGS_         655    512.339    237.783      750.122 
      PE_ARRAY_X_loop[27].PE_ARRAY_Y_loop[1].PE_inst_PE_CTR_inst               PE_CTR_Y_ID2_X32_NUM_REGS_IFM_REG_FILE34_NUM_REGS_         662    509.946    239.995      749.941 
      PE_ARRAY_X_loop[25].PE_ARRAY_Y_loop[1].PE_inst_PE_CTR_inst               PE_CTR_Y_ID2_X32_NUM_REGS_IFM_REG_FILE34_NUM_REGS_         662    509.946    239.995      749.941 
      PE_ARRAY_X_loop[14].PE_ARRAY_Y_loop[1].PE_inst_PE_CTR_inst               PE_CTR_Y_ID2_X32_NUM_REGS_IFM_REG_FILE34_NUM_REGS_         657    509.837    239.955      749.791 
      PE_ARRAY_X_loop[17].PE_ARRAY_Y_loop[1].PE_inst_PE_CTR_inst               PE_CTR_Y_ID2_X32_NUM_REGS_IFM_REG_FILE34_NUM_REGS_         657    509.837    239.955      749.791 
      PE_ARRAY_X_loop[19].PE_ARRAY_Y_loop[1].PE_inst_PE_CTR_inst               PE_CTR_Y_ID2_X32_NUM_REGS_IFM_REG_FILE34_NUM_REGS_         657    509.837    239.955      749.791 
      PE_ARRAY_X_loop[16].PE_ARRAY_Y_loop[0].PE_inst_PE_CTR_inst               PE_CTR_Y_ID1_X32_NUM_REGS_IFM_REG_FILE34_NUM_REGS_         651    510.925    237.224      748.149 
      PE_ARRAY_X_loop[17].PE_ARRAY_Y_loop[0].PE_inst_PE_CTR_inst               PE_CTR_Y_ID1_X32_NUM_REGS_IFM_REG_FILE34_NUM_REGS_         651    510.925    237.224      748.149 
      PE_ARRAY_X_loop[7].PE_ARRAY_Y_loop[0].PE_inst_PE_CTR_inst                PE_CTR_Y_ID1_X32_NUM_REGS_IFM_REG_FILE34_NUM_REGS_         651    510.925    237.224      748.149 
      PE_ARRAY_X_loop[11].PE_ARRAY_Y_loop[1].PE_inst_PE_CTR_inst               PE_CTR_Y_ID2_X32_NUM_REGS_IFM_REG_FILE34_NUM_REGS_         656    509.184    238.633      747.817 
      PE_ARRAY_X_loop[12].PE_ARRAY_Y_loop[1].PE_inst_PE_CTR_inst               PE_CTR_Y_ID2_X32_NUM_REGS_IFM_REG_FILE34_NUM_REGS_         656    509.184    238.633      747.817 
      PE_ARRAY_X_loop[21].PE_ARRAY_Y_loop[1].PE_inst_PE_CTR_inst               PE_CTR_Y_ID2_X32_NUM_REGS_IFM_REG_FILE34_NUM_REGS_         656    509.184    238.633      747.817 
      PE_ARRAY_X_loop[5].PE_ARRAY_Y_loop[1].PE_inst_PE_CTR_inst                PE_CTR_Y_ID2_X32_NUM_REGS_IFM_REG_FILE34_NUM_REGS_         656    509.184    238.633      747.817 
      PE_ARRAY_X_loop[22].PE_ARRAY_Y_loop[1].PE_inst_PE_CTR_inst               PE_CTR_Y_ID2_X32_NUM_REGS_IFM_REG_FILE34_NUM_REGS_         656    509.184    238.633      747.817 
      PE_ARRAY_X_loop[8].PE_ARRAY_Y_loop[1].PE_inst_PE_CTR_inst                PE_CTR_Y_ID2_X32_NUM_REGS_IFM_REG_FILE34_NUM_REGS_         657    508.422    239.198      747.620 
      PE_ARRAY_X_loop[28].PE_ARRAY_Y_loop[1].PE_inst_PE_CTR_inst               PE_CTR_Y_ID2_X32_NUM_REGS_IFM_REG_FILE34_NUM_REGS_         654    509.293    238.179      747.472 
      PE_ARRAY_X_loop[3].PE_ARRAY_Y_loop[1].PE_inst_PE_CTR_inst                PE_CTR_Y_ID2_X32_NUM_REGS_IFM_REG_FILE34_NUM_REGS_         654    509.293    238.179      747.472 
      PE_ARRAY_X_loop[18].PE_ARRAY_Y_loop[1].PE_inst_PE_CTR_inst               PE_CTR_Y_ID2_X32_NUM_REGS_IFM_REG_FILE34_NUM_REGS_         654    509.293    238.179      747.472 
      PE_ARRAY_X_loop[10].PE_ARRAY_Y_loop[1].PE_inst_PE_CTR_inst               PE_CTR_Y_ID2_X32_NUM_REGS_IFM_REG_FILE34_NUM_REGS_         658    507.987    238.977      746.964 
      PE_ARRAY_X_loop[26].PE_ARRAY_Y_loop[1].PE_inst_PE_CTR_inst               PE_CTR_Y_ID2_X32_NUM_REGS_IFM_REG_FILE34_NUM_REGS_         658    507.987    238.977      746.964 
      PE_ARRAY_X_loop[30].PE_ARRAY_Y_loop[1].PE_inst_PE_CTR_inst               PE_CTR_Y_ID2_X32_NUM_REGS_IFM_REG_FILE34_NUM_REGS_         658    507.987    238.977      746.964 
      PE_ARRAY_X_loop[20].PE_ARRAY_Y_loop[1].PE_inst_PE_CTR_inst               PE_CTR_Y_ID2_X32_NUM_REGS_IFM_REG_FILE34_NUM_REGS_         651    508.314    238.162      746.475 
      PE_ARRAY_X_loop[4].PE_ARRAY_Y_loop[1].PE_inst_PE_CTR_inst                PE_CTR_Y_ID2_X32_NUM_REGS_IFM_REG_FILE34_NUM_REGS_         651    508.314    238.162      746.475 
      PE_ARRAY_X_loop[9].PE_ARRAY_Y_loop[1].PE_inst_PE_CTR_inst                PE_CTR_Y_ID2_X32_NUM_REGS_IFM_REG_FILE34_NUM_REGS_         651    508.314    237.277      745.590 
    SRAM_OFM_inst                                                              SRAM_OFM                                                  1105 326856.880    510.616   327367.496 
      SRAM_OFM_WRAPPER_BLOCK_inst_ST_DPHD_HIPERF_2048x32m4_Tlmr_wrapper_inst_8 ST_DPHD_HIPERF_2048x32m4_Tlmr_wrapper_7                      1  40760.550      0.000    40760.550 
      SRAM_OFM_WRAPPER_BLOCK_inst_ST_DPHD_HIPERF_2048x32m4_Tlmr_wrapper_inst_7 ST_DPHD_HIPERF_2048x32m4_Tlmr_wrapper_6                      1  40760.550      0.000    40760.550 
      SRAM_OFM_WRAPPER_BLOCK_inst_ST_DPHD_HIPERF_2048x32m4_Tlmr_wrapper_inst_6 ST_DPHD_HIPERF_2048x32m4_Tlmr_wrapper_5                      1  40760.550      0.000    40760.550 
      SRAM_OFM_WRAPPER_BLOCK_inst_ST_DPHD_HIPERF_2048x32m4_Tlmr_wrapper_inst_5 ST_DPHD_HIPERF_2048x32m4_Tlmr_wrapper_4                      1  40760.550      0.000    40760.550 
      SRAM_OFM_WRAPPER_BLOCK_inst_ST_DPHD_HIPERF_2048x32m4_Tlmr_wrapper_inst_4 ST_DPHD_HIPERF_2048x32m4_Tlmr_wrapper_3                      1  40760.550      0.000    40760.550 
      SRAM_OFM_WRAPPER_BLOCK_inst_ST_DPHD_HIPERF_2048x32m4_Tlmr_wrapper_inst_3 ST_DPHD_HIPERF_2048x32m4_Tlmr_wrapper_2                      1  40760.550      0.000    40760.550 
      SRAM_OFM_WRAPPER_BLOCK_inst_ST_DPHD_HIPERF_2048x32m4_Tlmr_wrapper_inst_2 ST_DPHD_HIPERF_2048x32m4_Tlmr_wrapper_1                      1  40760.550      0.000    40760.550 
      SRAM_OFM_WRAPPER_BLOCK_inst_ST_DPHD_HIPERF_2048x32m4_Tlmr_wrapper_inst_1 ST_DPHD_HIPERF_2048x32m4_Tlmr_wrapper                        1  40760.550      0.000    40760.550 
      SRAM_OFM_WRAPPER_BLOCK_inst_SRAM_OFM_ROUTER_inst                         SRAM_OFM_ROUTER                                            619    344.570    113.245      457.815 
    SRAM_WB_inst_SRAM_WB_WRAPPER_BLOCK_inst                                    SRAM_WB_WRAPPER_BLOCK                                        3 130159.020      0.000   130159.020 
      ST_SPHD_HIPERF_8192x32m16_Tlmr_wrapper_inst_2                            ST_SPHD_HIPERF_8192x32m16_Tlmr_wrapper_1                     1  51415.200      0.000    51415.200 
      ST_SPHD_HIPERF_8192x32m16_Tlmr_wrapper_inst_1                            ST_SPHD_HIPERF_8192x32m16_Tlmr_wrapper                       1  51415.200      0.000    51415.200 
      ST_SPHD_HIPERF_4096x32m8_Tlmr_HIPERF_CUT_wrapper_inst                    ST_SPHD_HIPERF_4096x32m8_Tlmr_HIPERF_CUT_wrapper             1  27328.620      0.000    27328.620 
    SRAM_IFM_inst_ST_SPHD_HIPERF_8192x32m16_Tlmr_wrapper_inst_3                ST_SPHD_HIPERF_8192x32m16_Tlmr_wrapper_2                     1  51415.200      0.000    51415.200 
    ADDER_TREE_TOP_inst                                                        ADDER_TREE_TOP_X32                                        8800  10020.698   3385.799    13406.497 
      ADDER_TREE_inst                                                          ADDER_TREE_X32                                            5135   4917.325   1388.316     6305.640 
      PISO_BUFFER_TOP_inst_PISO_BUFFER_inst                                    PISO_BUFFER_X32                                           3357   4824.301   1385.305     6209.606 
      PISO_BUFFER_TOP_inst_PISO_BUFFER_CTR_inst                                PISO_BUFFER_CTR_X32                                        306    278.419    113.926      392.345 
    SYS_CTR_TOP_inst                                                           SYS_CTR_TOP                                               1757   1530.163    578.275     2108.439 
      SYS_CTR_CTR_OFM_NL_inst                                                  SYS_CTR_OFM_NL                                             437    362.086    141.612      503.698 
      SYS_CTR_CFG_ins                                                          SYS_CTR_CFG                                                272    398.861     71.798      470.659 
      SYS_CTR_MAIN_NL_inst                                                     SYS_CTR_MAIN_NL                                            415    307.034    136.041      443.074 
    POOLING_inst_POOLING_inst_REG_FILE_pooling_inst                            REG_FILE_ACT_REGISTER_INPUTS0_NUM_REGS16                   688   1017.389    272.122     1289.511 
    SRAM_WB_inst_SRAM_WB_BACK_END_inst                                         SRAM_WB_BACK_END_ADDR_4K_CFG4042                           548    512.992    191.429      704.421 
    SRAM_IFM_inst_SRAM_IFM_BACK_END_inst                                       SRAM_IFM_BACK_END                                          242    230.874     80.134      311.008 
    POOLING_inst_POOLING_CTR_inst                                              POOLING_CTR                                                152    148.838     44.678      193.516 
