Command: report datapath > /home/radiocad/se5616ca-s/thesis/WORK/REPORTS/datapath_TOP_LU_PADS.rpt
============================================================
  Generated by:           Genus(TM) Synthesis Solution 18.10-p003_1
  Generated on:           Dec 17 2022  07:11:17 am
  Module:                 TOP_LU_PADS
  Technology libraries:   C28SOI_SC_8_CLK_LL 
                          C28SOI_SC_8_CORE_LL 
                          SPHD_HIPERF_160523 
                          DPHD_HIPERF_160523 
                          SPHD_HIPERF_151009 
                          LU_PADS_RECHAR 1.0
                          physical_cells 
  Operating conditions:   PVT_1V_25C 
  Interconnect mode:      global
  Area mode:              physical library
============================================================


      Type        CellArea Percentage 
--------------------------------------
datapath modules      0.00       0.00 
external muxes        0.00       0.00 
others           932280.98     100.00 
--------------------------------------
total            932280.98     100.00 

