============================================================
  Generated by:           Genus(TM) Synthesis Solution 18.10-p003_1
  Generated on:           Dec 17 2022  07:11:23 am
  Module:                 TOP_LU_PADS
  Technology libraries:   C28SOI_SC_8_CLK_LL 
                          C28SOI_SC_8_CORE_LL 
                          SPHD_HIPERF_160523 
                          DPHD_HIPERF_160523 
                          SPHD_HIPERF_151009 
                          LU_PADS_RECHAR 1.0
                          physical_cells 
  Operating conditions:   PVT_1V_25C 
  Interconnect mode:      global
  Area mode:              physical library
============================================================

                                                                
                  Gate                    Instances     Area            Library        
---------------------------------------------------------------------------------------
C8T28SOIDV_LLS_XNOR2X4_P0                       341     296.806    C28SOI_SC_8_CORE_LL 
C8T28SOIDV_LLS_XNOR3X2_P0                      1189    2069.811    C28SOI_SC_8_CORE_LL 
C8T28SOIDV_LLS_XOR2X4_P0                        348     302.899    C28SOI_SC_8_CORE_LL 
C8T28SOIDV_LLS_XOR3X2_P0                         33      64.627    C28SOI_SC_8_CORE_LL 
C8T28SOIDV_LL_BFX46_P0                            9      13.709    C28SOI_SC_8_CORE_LL 
C8T28SOIDV_LL_BFX68_P0                           16      31.334    C28SOI_SC_8_CORE_LL 
C8T28SOIDV_LL_BFX91_P0                            3       7.834    C28SOI_SC_8_CORE_LL 
C8T28SOIDV_LL_CNBFX37_P0                          2       3.046    C28SOI_SC_8_CLK_LL  
C8T28SOIDV_LL_CNIVX18_P0                          2       1.306    C28SOI_SC_8_CLK_LL  
C8T28SOIDV_LL_CNIVX28_P0                         14      12.186    C28SOI_SC_8_CLK_LL  
C8T28SOIDV_LL_CNIVX37_P0                        148     161.024    C28SOI_SC_8_CLK_LL  
C8T28SOIDV_LL_CNIVX55_P0                         74     112.717    C28SOI_SC_8_CLK_LL  
C8T28SOIDV_LL_CNIVX55_P16                         1       1.523    C28SOI_SC_8_CLK_LL  
C8T28SOIDV_LL_CNIVX74_P0                         56     109.670    C28SOI_SC_8_CLK_LL  
C8T28SOIDV_LL_CNSDFPRQTX9_P4                      3      10.445    C28SOI_SC_8_CLK_LL  
C8T28SOIDV_LL_DFPQX10_P0                      88503  211840.781    C28SOI_SC_8_CORE_LL 
C8T28SOIDV_LL_DFPSQX10_P0                      1121    3171.085    C28SOI_SC_8_CORE_LL 
C8T28SOIDV_LL_FA1X5_P0                        14207   30914.432    C28SOI_SC_8_CORE_LL 
C8T28SOIDV_LL_IVX23_P0                           21      13.709    C28SOI_SC_8_CORE_LL 
C8T28SOIDV_LL_IVX34_P0                           29      25.242    C28SOI_SC_8_CORE_LL 
C8T28SOIDV_LL_IVX46_P0                           40      43.520    C28SOI_SC_8_CORE_LL 
C8T28SOIDV_LL_IVX68_P0                           28      42.650    C28SOI_SC_8_CORE_LL 
C8T28SOIDV_LL_IVX91_P0                            7      13.709    C28SOI_SC_8_CORE_LL 
C8T28SOIDV_LL_MX41X4_P0                       15230   23198.336    C28SOI_SC_8_CORE_LL 
C8T28SOIDV_LL_NOR2AX10_P0                         1       0.870    C28SOI_SC_8_CORE_LL 
C8T28SOIDV_LL_PAOI2X5_P0                        292     254.157    C28SOI_SC_8_CORE_LL 
C8T28SOIDV_LL_XOR3X4_P0                         211     413.222    C28SOI_SC_8_CORE_LL 
C8T28SOI_LLHF_SDFPQX3_P0                          4      10.445    C28SOI_SC_8_CORE_LL 
C8T28SOI_LL_AND2X5_P0                         24091   10484.403    C28SOI_SC_8_CORE_LL 
C8T28SOI_LL_AND3X5_P0                          1909    1038.496    C28SOI_SC_8_CORE_LL 
C8T28SOI_LL_AND4X2_P0                             2       1.741    C28SOI_SC_8_CORE_LL 
C8T28SOI_LL_AND4X3_P0                           118     102.707    C28SOI_SC_8_CORE_LL 
C8T28SOI_LL_AO112X5_P0                          407     265.690    C28SOI_SC_8_CORE_LL 
C8T28SOI_LL_AO12X5_P0                           983     641.702    C28SOI_SC_8_CORE_LL 
C8T28SOI_LL_AO212X5_P0                          615     535.296    C28SOI_SC_8_CORE_LL 
C8T28SOI_LL_AO21X5_P0                          1705    1113.024    C28SOI_SC_8_CORE_LL 
C8T28SOI_LL_AO222X2_P0                            4       4.352    C28SOI_SC_8_CORE_LL 
C8T28SOI_LL_AO222X5_P0                          553     601.664    C28SOI_SC_8_CORE_LL 
C8T28SOI_LL_AO22X10_P0                        18501   16103.270    C28SOI_SC_8_CORE_LL 
C8T28SOI_LL_AO22X5_P0                         53466   46536.806    C28SOI_SC_8_CORE_LL 
C8T28SOI_LL_AOI112X3_P0                         226     147.533    C28SOI_SC_8_CORE_LL 
C8T28SOI_LL_AOI12X3_P0                         1313     714.272    C28SOI_SC_8_CORE_LL 
C8T28SOI_LL_AOI13X3_P0                           16      10.445    C28SOI_SC_8_CORE_LL 
C8T28SOI_LL_AOI211X2_P0                         161     105.101    C28SOI_SC_8_CORE_LL 
C8T28SOI_LL_AOI21X3_P0                            7       3.808    C28SOI_SC_8_CORE_LL 
C8T28SOI_LL_AOI222X2_P0                        2496    2172.518    C28SOI_SC_8_CORE_LL 
C8T28SOI_LL_AOI22X2_P0                         6136    3337.984    C28SOI_SC_8_CORE_LL 
C8T28SOI_LL_AOI31X3_P0                           56      36.557    C28SOI_SC_8_CORE_LL 
C8T28SOI_LL_BFX13_P0                              2       1.088    C28SOI_SC_8_CORE_LL 
C8T28SOI_LL_BFX19_P0                             13       9.901    C28SOI_SC_8_CORE_LL 
C8T28SOI_LL_BFX29_P0                             35      34.272    C28SOI_SC_8_CORE_LL 
C8T28SOI_LL_BFX57_P0                              7      12.947    C28SOI_SC_8_CORE_LL 
C8T28SOI_LL_CB4I1X5_P0                         2968    2260.429    C28SOI_SC_8_CORE_LL 
C8T28SOI_LL_CBI4I6X3_P0                        1216     793.805    C28SOI_SC_8_CORE_LL 
C8T28SOI_LL_CNAND2X27_P0                          1       1.306    C28SOI_SC_8_CLK_LL  
C8T28SOI_LL_CNAO12X19_P0                          1       1.306    C28SOI_SC_8_CLK_LL  
C8T28SOI_LL_CNBFX12_P0                            3       1.632    C28SOI_SC_8_CLK_LL  
C8T28SOI_LL_CNBFX12_P16                          52      28.288    C28SOI_SC_8_CLK_LL  
C8T28SOI_LL_CNBFX18_P0                            4       3.046    C28SOI_SC_8_CLK_LL  
C8T28SOI_LL_CNBFX18_P16                           6       4.570    C28SOI_SC_8_CLK_LL  
C8T28SOI_LL_CNBFX23_P0                          123     107.059    C28SOI_SC_8_CLK_LL  
C8T28SOI_LL_CNBFX2_P16                          339     110.650    C28SOI_SC_8_CLK_LL  
C8T28SOI_LL_CNBFX32_P10                           4       4.787    C28SOI_SC_8_CLK_LL  
C8T28SOI_LL_CNBFX4_P0                           174      56.794    C28SOI_SC_8_CLK_LL  
C8T28SOI_LL_CNBFX4_P10                           93      30.355    C28SOI_SC_8_CLK_LL  
C8T28SOI_LL_CNBFX8_P0                            83      36.122    C28SOI_SC_8_CLK_LL  
C8T28SOI_LL_CNBFX8_P10                           12       5.222    C28SOI_SC_8_CLK_LL  
C8T28SOI_LL_CNIVX14_P10                          64      27.853    C28SOI_SC_8_CLK_LL  
C8T28SOI_LL_CNIVX18_P10                           4       2.176    C28SOI_SC_8_CLK_LL  
C8T28SOI_LL_CNIVX18_P16                          28      15.232    C28SOI_SC_8_CLK_LL  
C8T28SOI_LL_CNIVX22_P16                          27      17.626    C28SOI_SC_8_CLK_LL  
C8T28SOI_LL_CNIVX27_P16                         105      79.968    C28SOI_SC_8_CLK_LL  
C8T28SOI_LL_CNIVX32_P10                           1       0.870    C28SOI_SC_8_CLK_LL  
C8T28SOI_LL_CNIVX32_P16                          46      40.038    C28SOI_SC_8_CLK_LL  
C8T28SOI_LL_CNIVX37_P10                           9       8.813    C28SOI_SC_8_CLK_LL  
C8T28SOI_LL_CNIVX37_P16                          94      92.045    C28SOI_SC_8_CLK_LL  
C8T28SOI_LL_CNIVX4_P0                             6       1.306    C28SOI_SC_8_CLK_LL  
C8T28SOI_LL_CNIVX4_P10                         6582    1432.243    C28SOI_SC_8_CLK_LL  
C8T28SOI_LL_CNIVX9_P16                           36      11.750    C28SOI_SC_8_CLK_LL  
C8T28SOI_LL_CNNOR2AX27_P0                         1       1.414    C28SOI_SC_8_CLK_LL  
C8T28SOI_LL_CNNOR2X15_P16                         1       1.088    C28SOI_SC_8_CLK_LL  
C8T28SOI_LL_HA1X5_P0                           3426    3727.488    C28SOI_SC_8_CORE_LL 
C8T28SOI_LL_IVX10_P0                            106      34.598    C28SOI_SC_8_CORE_LL 
C8T28SOI_LL_IVX29_P0                              1       0.762    C28SOI_SC_8_CORE_LL 
C8T28SOI_LL_IVX5_P0                            7182    1562.803    C28SOI_SC_8_CORE_LL 
C8T28SOI_LL_MUX21X5_P0                         1621    1763.648    C28SOI_SC_8_CORE_LL 
C8T28SOI_LL_MUXI21X2_P0                        3086    2350.298    C28SOI_SC_8_CORE_LL 
C8T28SOI_LL_NAND2AX2_P0                        1902     827.750    C28SOI_SC_8_CORE_LL 
C8T28SOI_LL_NAND2AX4_P0                           2       1.088    C28SOI_SC_8_CORE_LL 
C8T28SOI_LL_NAND2X2_P0                           64      20.890    C28SOI_SC_8_CORE_LL 
C8T28SOI_LL_NAND2X4_P0                        13795    4502.688    C28SOI_SC_8_CORE_LL 
C8T28SOI_LL_NAND2X8_P0                            1       0.544    C28SOI_SC_8_CORE_LL 
C8T28SOI_LL_NAND3ABX4_P0                        242     157.978    C28SOI_SC_8_CORE_LL 
C8T28SOI_LL_NAND3ABX8_P0                          3       2.611    C28SOI_SC_8_CORE_LL 
C8T28SOI_LL_NAND3AX3_P0                          80      52.224    C28SOI_SC_8_CORE_LL 
C8T28SOI_LL_NAND3X27_P0                           2       5.658    C28SOI_SC_8_CORE_LL 
C8T28SOI_LL_NAND3X3_P0                         2501    1088.435    C28SOI_SC_8_CORE_LL 
C8T28SOI_LL_NAND4ABX3_P0                       3445    2623.712    C28SOI_SC_8_CORE_LL 
C8T28SOI_LL_NAND4X5_P0                            3       2.938    C28SOI_SC_8_CORE_LL 
C8T28SOI_LL_NOR2AX2_P0                         5616    2444.083    C28SOI_SC_8_CORE_LL 
C8T28SOI_LL_NOR2AX4_P0                         9619    4186.189    C28SOI_SC_8_CORE_LL 
C8T28SOI_LL_NOR2X12_P0                            1       0.762    C28SOI_SC_8_CORE_LL 
C8T28SOI_LL_NOR2X16_P0                            1       0.979    C28SOI_SC_8_CORE_LL 
C8T28SOI_LL_NOR2X2_P0                          4284    1398.298    C28SOI_SC_8_CORE_LL 
C8T28SOI_LL_NOR2X4_P0                         12954    4228.186    C28SOI_SC_8_CORE_LL 
C8T28SOI_LL_NOR3AX3_P0                          765     499.392    C28SOI_SC_8_CORE_LL 
C8T28SOI_LL_NOR3AX7_P0                            1       1.088    C28SOI_SC_8_CORE_LL 
C8T28SOI_LL_NOR3X21_P0                            1       2.067    C28SOI_SC_8_CORE_LL 
C8T28SOI_LL_NOR3X3_P0                          2034     885.197    C28SOI_SC_8_CORE_LL 
C8T28SOI_LL_NOR4ABX4_P0                         294     287.885    C28SOI_SC_8_CORE_LL 
C8T28SOI_LL_NOR4X5_P0                          1454    1423.757    C28SOI_SC_8_CORE_LL 
C8T28SOI_LL_OA112X4_P0                          202     131.866    C28SOI_SC_8_CORE_LL 
C8T28SOI_LL_OA12X5_P0                           383     208.352    C28SOI_SC_8_CORE_LL 
C8T28SOI_LL_OA222X4_P0                           36      39.168    C28SOI_SC_8_CORE_LL 
C8T28SOI_LL_OA22X5_P0                           136     103.578    C28SOI_SC_8_CORE_LL 
C8T28SOI_LL_OAI12X3_P0                         3537    1539.302    C28SOI_SC_8_CORE_LL 
C8T28SOI_LL_OAI211X3_P0                         854     464.576    C28SOI_SC_8_CORE_LL 
C8T28SOI_LL_OAI21X7_P0                            4       3.046    C28SOI_SC_8_CORE_LL 
C8T28SOI_LL_OAI222X3_P0                          96      94.003    C28SOI_SC_8_CORE_LL 
C8T28SOI_LL_OAI22X3_P0                         1301     707.744    C28SOI_SC_8_CORE_LL 
C8T28SOI_LL_OAI22X6_P0                            2       2.176    C28SOI_SC_8_CORE_LL 
C8T28SOI_LL_OR2X19_P0                             1       1.088    C28SOI_SC_8_CORE_LL 
C8T28SOI_LL_OR2X5_P0                           2616    1138.483    C28SOI_SC_8_CORE_LL 
C8T28SOI_LL_OR2X9_P0                              3       1.632    C28SOI_SC_8_CORE_LL 
C8T28SOI_LL_OR3X10_P0                             1       0.762    C28SOI_SC_8_CORE_LL 
C8T28SOI_LL_OR3X5_P0                            282     153.408    C28SOI_SC_8_CORE_LL 
C8T28SOI_LL_OR4X4_P0                            790     773.568    C28SOI_SC_8_CORE_LL 
C8T28SOI_LL_PAO2X5_P0                           719     547.590    C28SOI_SC_8_CORE_LL 
C8T28SOI_LL_SDFPQNX5_P0                         714    1864.397    C28SOI_SC_8_CORE_LL 
C8T28SOI_LL_SDFPQX5_P0                           10      26.112    C28SOI_SC_8_CORE_LL 
C8T28SOI_LL_SDFPSQNX5_P0                          1       3.046    C28SOI_SC_8_CORE_LL 
PAD_SIGNAL_IN_ESD                                 3   12240.000    LU_PADS_RECHAR      
PAD_SIGNAL_OUT_ESD                                2    8160.000    LU_PADS_RECHAR      
ST_DPHD_HIPERF_2048x32m4_Tlmr                     8  326084.400    DPHD_HIPERF_160523  
ST_SPHD_HIPERF_4096x32m8_Tlmr_HIPERF_CUT          1   27328.620    SPHD_HIPERF_151009  
ST_SPHD_HIPERF_8192x32m16_Tlmr                    3  151042.050    SPHD_HIPERF_160523  
---------------------------------------------------------------------------------------
total                                        333029  929077.425                        


      Library       Instances    Area    Instances % 
-----------------------------------------------------
C28SOI_SC_8_CLK_LL       8199   2535.475         2.5 
C28SOI_SC_8_CORE_LL    324813 401686.880        97.5 
DPHD_HIPERF_160523          8 326084.400         0.0 
LU_PADS_RECHAR              5  20400.000         0.0 
SPHD_HIPERF_151009          1  27328.620         0.0 
SPHD_HIPERF_160523          3 151042.050         0.0 

                                           
     Type      Instances    Area    Area % 
-------------------------------------------
timing_model          17 524855.070   56.5 
sequential         90356 216926.310   23.3 
inverter           14711   3865.338    0.4 
buffer               980    502.656    0.1 
logic             226965 182928.051   19.7 
physical_cells         0      0.000    0.0 
-------------------------------------------
total             333029 929077.425  100.0 

