============================================================
  Generated by:           Genus(TM) Synthesis Solution 18.10-p003_1
  Generated on:           Dec 17 2022  07:10:55 am
  Module:                 TOP_LU_PADS
  Technology libraries:   C28SOI_SC_8_CLK_LL 
                          C28SOI_SC_8_CORE_LL 
                          SPHD_HIPERF_160523 
                          DPHD_HIPERF_160523 
                          SPHD_HIPERF_151009 
                          LU_PADS_RECHAR 1.0
                          physical_cells 
  Operating conditions:   PVT_1V_25C 
  Interconnect mode:      global
  Area mode:              physical library
============================================================

Timing
--------

Clock  Period 
--------------
clk_p 20000.0 


  Cost    Critical         Violating 
 Group   Path Slack  TNS     Paths   
-------------------------------------
default     14482.8   0.0          0 
-------------------------------------
Total                 0.0          0 

Instance Count
--------------
Leaf Instance Count             333029 
Physical Instance count              0 
Sequential Instance Count        90368 
Combinational Instance Count    242661 
Hierarchical Instance Count        317 

Area
----
Cell Area                          932280.975
Physical Cell Area                 0.000
Total Cell Area (Cell+Physical)    932280.975
Net Area                           138988.669
Total Area (Cell+Physical+Net)     1071269.644

Max Fanout                         90376 (clk_i)
Min Fanout                         0 (TOP_inst/NOC_inst/PE_ARRAY_X_loop[25].PE_ARRAY_Y_loop[2].PE_inst_REG_FILE_ifm_inst/n_1)
Average Fanout                     2.8
Terms to net ratio                 3.7897
Terms to instance ratio            4.0005
Runtime                            3297.363589 seconds
Elapsed Runtime                    3865 seconds
Genus peak memory usage            4457.88 
Innovus peak memory usage          no_value 
Hostname                           radiocad4.eit.lth.se
